Determining if the include file link.h exists failed with the following output:
Change Dir: /Users/magickli/Documents/github/llvm/llvm-project/build/CMakeFiles/CMakeTmp

Run Build Command:"/usr/bin/make" "cmTC_c21ef/fast"
/Library/Developer/CommandLineTools/usr/bin/make -f CMakeFiles/cmTC_c21ef.dir/build.make CMakeFiles/cmTC_c21ef.dir/build
Building C object CMakeFiles/cmTC_c21ef.dir/CheckIncludeFile.c.o
/Library/Developer/CommandLineTools/usr/bin/cc    -o CMakeFiles/cmTC_c21ef.dir/CheckIncludeFile.c.o   -c /Users/magickli/Documents/github/llvm/llvm-project/build/CMakeFiles/CMakeTmp/CheckIncludeFile.c
/Users/magickli/Documents/github/llvm/llvm-project/build/CMakeFiles/CMakeTmp/CheckIncludeFile.c:1:10: fatal error: 'link.h' file not found
#include <link.h>
         ^
1 error generated.
make[1]: *** [CMakeFiles/cmTC_c21ef.dir/CheckIncludeFile.c.o] Error 1
make: *** [cmTC_c21ef/fast] Error 2


Determining if the include file malloc.h exists failed with the following output:
Change Dir: /Users/magickli/Documents/github/llvm/llvm-project/build/CMakeFiles/CMakeTmp

Run Build Command:"/usr/bin/make" "cmTC_bf924/fast"
/Library/Developer/CommandLineTools/usr/bin/make -f CMakeFiles/cmTC_bf924.dir/build.make CMakeFiles/cmTC_bf924.dir/build
Building C object CMakeFiles/cmTC_bf924.dir/CheckIncludeFile.c.o
/Library/Developer/CommandLineTools/usr/bin/cc    -o CMakeFiles/cmTC_bf924.dir/CheckIncludeFile.c.o   -c /Users/magickli/Documents/github/llvm/llvm-project/build/CMakeFiles/CMakeTmp/CheckIncludeFile.c
/Users/magickli/Documents/github/llvm/llvm-project/build/CMakeFiles/CMakeTmp/CheckIncludeFile.c:1:10: fatal error: 'malloc.h' file not found
#include <malloc.h>
         ^
1 error generated.
make[1]: *** [CMakeFiles/cmTC_bf924.dir/CheckIncludeFile.c.o] Error 1
make: *** [cmTC_bf924/fast] Error 2


Determining if the include file ndir.h exists failed with the following output:
Change Dir: /Users/magickli/Documents/github/llvm/llvm-project/build/CMakeFiles/CMakeTmp

Run Build Command:"/usr/bin/make" "cmTC_a6a2a/fast"
/Library/Developer/CommandLineTools/usr/bin/make -f CMakeFiles/cmTC_a6a2a.dir/build.make CMakeFiles/cmTC_a6a2a.dir/build
Building C object CMakeFiles/cmTC_a6a2a.dir/CheckIncludeFile.c.o
/Library/Developer/CommandLineTools/usr/bin/cc    -o CMakeFiles/cmTC_a6a2a.dir/CheckIncludeFile.c.o   -c /Users/magickli/Documents/github/llvm/llvm-project/build/CMakeFiles/CMakeTmp/CheckIncludeFile.c
/Users/magickli/Documents/github/llvm/llvm-project/build/CMakeFiles/CMakeTmp/CheckIncludeFile.c:1:10: fatal error: 'ndir.h' file not found
#include <ndir.h>
         ^
1 error generated.
make[1]: *** [CMakeFiles/cmTC_a6a2a.dir/CheckIncludeFile.c.o] Error 1
make: *** [cmTC_a6a2a/fast] Error 2


Determining if the include file sys/ndir.h exists failed with the following output:
Change Dir: /Users/magickli/Documents/github/llvm/llvm-project/build/CMakeFiles/CMakeTmp

Run Build Command:"/usr/bin/make" "cmTC_c7812/fast"
/Library/Developer/CommandLineTools/usr/bin/make -f CMakeFiles/cmTC_c7812.dir/build.make CMakeFiles/cmTC_c7812.dir/build
Building C object CMakeFiles/cmTC_c7812.dir/CheckIncludeFile.c.o
/Library/Developer/CommandLineTools/usr/bin/cc    -o CMakeFiles/cmTC_c7812.dir/CheckIncludeFile.c.o   -c /Users/magickli/Documents/github/llvm/llvm-project/build/CMakeFiles/CMakeTmp/CheckIncludeFile.c
/Users/magickli/Documents/github/llvm/llvm-project/build/CMakeFiles/CMakeTmp/CheckIncludeFile.c:1:10: fatal error: 'sys/ndir.h' file not found
#include <sys/ndir.h>
         ^
1 error generated.
make[1]: *** [CMakeFiles/cmTC_c7812.dir/CheckIncludeFile.c.o] Error 1
make: *** [cmTC_c7812/fast] Error 2


Determining if the include file valgrind/valgrind.h exists failed with the following output:
Change Dir: /Users/magickli/Documents/github/llvm/llvm-project/build/CMakeFiles/CMakeTmp

Run Build Command:"/usr/bin/make" "cmTC_df627/fast"
/Library/Developer/CommandLineTools/usr/bin/make -f CMakeFiles/cmTC_df627.dir/build.make CMakeFiles/cmTC_df627.dir/build
Building C object CMakeFiles/cmTC_df627.dir/CheckIncludeFile.c.o
/Library/Developer/CommandLineTools/usr/bin/cc    -o CMakeFiles/cmTC_df627.dir/CheckIncludeFile.c.o   -c /Users/magickli/Documents/github/llvm/llvm-project/build/CMakeFiles/CMakeTmp/CheckIncludeFile.c
/Users/magickli/Documents/github/llvm/llvm-project/build/CMakeFiles/CMakeTmp/CheckIncludeFile.c:1:10: fatal error: 'valgrind/valgrind.h' file not found
#include <valgrind/valgrind.h>
         ^
1 error generated.
make[1]: *** [CMakeFiles/cmTC_df627.dir/CheckIncludeFile.c.o] Error 1
make: *** [cmTC_df627/fast] Error 2


Determining if the include file CrashReporterClient.h exists failed with the following output:
Change Dir: /Users/magickli/Documents/github/llvm/llvm-project/build/CMakeFiles/CMakeTmp

Run Build Command:"/usr/bin/make" "cmTC_8faf2/fast"
/Library/Developer/CommandLineTools/usr/bin/make -f CMakeFiles/cmTC_8faf2.dir/build.make CMakeFiles/cmTC_8faf2.dir/build
Building C object CMakeFiles/cmTC_8faf2.dir/CheckIncludeFile.c.o
/Library/Developer/CommandLineTools/usr/bin/cc    -o CMakeFiles/cmTC_8faf2.dir/CheckIncludeFile.c.o   -c /Users/magickli/Documents/github/llvm/llvm-project/build/CMakeFiles/CMakeTmp/CheckIncludeFile.c
/Users/magickli/Documents/github/llvm/llvm-project/build/CMakeFiles/CMakeTmp/CheckIncludeFile.c:1:10: fatal error: 'CrashReporterClient.h' file not found
#include <CrashReporterClient.h>
         ^
1 error generated.
make[1]: *** [CMakeFiles/cmTC_8faf2.dir/CheckIncludeFile.c.o] Error 1
make: *** [cmTC_8faf2/fast] Error 2


Determining if the function clock_gettime exists in the rt failed with the following output:
Change Dir: /Users/magickli/Documents/github/llvm/llvm-project/build/CMakeFiles/CMakeTmp

Run Build Command:"/usr/bin/make" "cmTC_f93d3/fast"
/Library/Developer/CommandLineTools/usr/bin/make -f CMakeFiles/cmTC_f93d3.dir/build.make CMakeFiles/cmTC_f93d3.dir/build
Building C object CMakeFiles/cmTC_f93d3.dir/CheckFunctionExists.c.o
/Library/Developer/CommandLineTools/usr/bin/cc   -DCHECK_FUNCTION_EXISTS=clock_gettime   -o CMakeFiles/cmTC_f93d3.dir/CheckFunctionExists.c.o   -c /usr/local/Cellar/cmake/3.9.1/share/cmake/Modules/CheckFunctionExists.c
Linking C executable cmTC_f93d3
/usr/local/Cellar/cmake/3.9.1/bin/cmake -E cmake_link_script CMakeFiles/cmTC_f93d3.dir/link.txt --verbose=1
/Library/Developer/CommandLineTools/usr/bin/cc  -DCHECK_FUNCTION_EXISTS=clock_gettime -Wl,-search_paths_first -Wl,-headerpad_max_install_names   CMakeFiles/cmTC_f93d3.dir/CheckFunctionExists.c.o  -o cmTC_f93d3 -lrt -lm 
ld: library not found for -lrt
clang: error: linker command failed with exit code 1 (use -v to see invocation)
make[1]: *** [cmTC_f93d3] Error 1
make: *** [cmTC_f93d3/fast] Error 2


Determining if the function setupterm exists in the tinfo failed with the following output:
Change Dir: /Users/magickli/Documents/github/llvm/llvm-project/build/CMakeFiles/CMakeTmp

Run Build Command:"/usr/bin/make" "cmTC_f9780/fast"
/Library/Developer/CommandLineTools/usr/bin/make -f CMakeFiles/cmTC_f9780.dir/build.make CMakeFiles/cmTC_f9780.dir/build
Building C object CMakeFiles/cmTC_f9780.dir/CheckFunctionExists.c.o
/Library/Developer/CommandLineTools/usr/bin/cc   -DCHECK_FUNCTION_EXISTS=setupterm   -o CMakeFiles/cmTC_f9780.dir/CheckFunctionExists.c.o   -c /usr/local/Cellar/cmake/3.9.1/share/cmake/Modules/CheckFunctionExists.c
Linking C executable cmTC_f9780
/usr/local/Cellar/cmake/3.9.1/bin/cmake -E cmake_link_script CMakeFiles/cmTC_f9780.dir/link.txt --verbose=1
/Library/Developer/CommandLineTools/usr/bin/cc  -DCHECK_FUNCTION_EXISTS=setupterm -Wl,-search_paths_first -Wl,-headerpad_max_install_names   CMakeFiles/cmTC_f9780.dir/CheckFunctionExists.c.o  -o cmTC_f9780 -ltinfo -lm 
ld: library not found for -ltinfo
clang: error: linker command failed with exit code 1 (use -v to see invocation)
make[1]: *** [cmTC_f9780] Error 1
make: *** [cmTC_f9780/fast] Error 2


Determining if the function setupterm exists in the terminfo failed with the following output:
Change Dir: /Users/magickli/Documents/github/llvm/llvm-project/build/CMakeFiles/CMakeTmp

Run Build Command:"/usr/bin/make" "cmTC_c93d6/fast"
/Library/Developer/CommandLineTools/usr/bin/make -f CMakeFiles/cmTC_c93d6.dir/build.make CMakeFiles/cmTC_c93d6.dir/build
Building C object CMakeFiles/cmTC_c93d6.dir/CheckFunctionExists.c.o
/Library/Developer/CommandLineTools/usr/bin/cc   -DCHECK_FUNCTION_EXISTS=setupterm   -o CMakeFiles/cmTC_c93d6.dir/CheckFunctionExists.c.o   -c /usr/local/Cellar/cmake/3.9.1/share/cmake/Modules/CheckFunctionExists.c
Linking C executable cmTC_c93d6
/usr/local/Cellar/cmake/3.9.1/bin/cmake -E cmake_link_script CMakeFiles/cmTC_c93d6.dir/link.txt --verbose=1
/Library/Developer/CommandLineTools/usr/bin/cc  -DCHECK_FUNCTION_EXISTS=setupterm -Wl,-search_paths_first -Wl,-headerpad_max_install_names   CMakeFiles/cmTC_c93d6.dir/CheckFunctionExists.c.o  -o cmTC_c93d6 -lterminfo -lm 
ld: library not found for -lterminfo
clang: error: linker command failed with exit code 1 (use -v to see invocation)
make[1]: *** [cmTC_c93d6] Error 1
make: *** [cmTC_c93d6/fast] Error 2


Determining if the futimens exist failed with the following output:
Change Dir: /Users/magickli/Documents/github/llvm/llvm-project/build/CMakeFiles/CMakeTmp

Run Build Command:"/usr/bin/make" "cmTC_9d2df/fast"
/Library/Developer/CommandLineTools/usr/bin/make -f CMakeFiles/cmTC_9d2df.dir/build.make CMakeFiles/cmTC_9d2df.dir/build
Building C object CMakeFiles/cmTC_9d2df.dir/CheckSymbolExists.c.o
/Library/Developer/CommandLineTools/usr/bin/cc    -o CMakeFiles/cmTC_9d2df.dir/CheckSymbolExists.c.o   -c /Users/magickli/Documents/github/llvm/llvm-project/build/CMakeFiles/CMakeTmp/CheckSymbolExists.c
/Users/magickli/Documents/github/llvm/llvm-project/build/CMakeFiles/CMakeTmp/CheckSymbolExists.c:8:19: error: use of undeclared identifier 'futimens'
  return ((int*)(&futimens))[argc];
                  ^
1 error generated.
make[1]: *** [CMakeFiles/cmTC_9d2df.dir/CheckSymbolExists.c.o] Error 1
make: *** [cmTC_9d2df/fast] Error 2

File /Users/magickli/Documents/github/llvm/llvm-project/build/CMakeFiles/CMakeTmp/CheckSymbolExists.c:
/* */
#include <sys/stat.h>

int main(int argc, char** argv)
{
  (void)argv;
#ifndef futimens
  return ((int*)(&futimens))[argc];
#else
  (void)argc;
  return 0;
#endif
}

Determining if the posix_fallocate exist failed with the following output:
Change Dir: /Users/magickli/Documents/github/llvm/llvm-project/build/CMakeFiles/CMakeTmp

Run Build Command:"/usr/bin/make" "cmTC_4a44f/fast"
/Library/Developer/CommandLineTools/usr/bin/make -f CMakeFiles/cmTC_4a44f.dir/build.make CMakeFiles/cmTC_4a44f.dir/build
Building C object CMakeFiles/cmTC_4a44f.dir/CheckSymbolExists.c.o
/Library/Developer/CommandLineTools/usr/bin/cc    -o CMakeFiles/cmTC_4a44f.dir/CheckSymbolExists.c.o   -c /Users/magickli/Documents/github/llvm/llvm-project/build/CMakeFiles/CMakeTmp/CheckSymbolExists.c
/Users/magickli/Documents/github/llvm/llvm-project/build/CMakeFiles/CMakeTmp/CheckSymbolExists.c:8:19: error: use of undeclared identifier 'posix_fallocate'
  return ((int*)(&posix_fallocate))[argc];
                  ^
1 error generated.
make[1]: *** [CMakeFiles/cmTC_4a44f.dir/CheckSymbolExists.c.o] Error 1
make: *** [cmTC_4a44f/fast] Error 2

File /Users/magickli/Documents/github/llvm/llvm-project/build/CMakeFiles/CMakeTmp/CheckSymbolExists.c:
/* */
#include <fcntl.h>

int main(int argc, char** argv)
{
  (void)argv;
#ifndef posix_fallocate
  return ((int*)(&posix_fallocate))[argc];
#else
  (void)argc;
  return 0;
#endif
}

Determining if the lseek64 exist failed with the following output:
Change Dir: /Users/magickli/Documents/github/llvm/llvm-project/build/CMakeFiles/CMakeTmp

Run Build Command:"/usr/bin/make" "cmTC_2fcb9/fast"
/Library/Developer/CommandLineTools/usr/bin/make -f CMakeFiles/cmTC_2fcb9.dir/build.make CMakeFiles/cmTC_2fcb9.dir/build
Building C object CMakeFiles/cmTC_2fcb9.dir/CheckSymbolExists.c.o
/Library/Developer/CommandLineTools/usr/bin/cc -D_LARGEFILE64_SOURCE   -o CMakeFiles/cmTC_2fcb9.dir/CheckSymbolExists.c.o   -c /Users/magickli/Documents/github/llvm/llvm-project/build/CMakeFiles/CMakeTmp/CheckSymbolExists.c
/Users/magickli/Documents/github/llvm/llvm-project/build/CMakeFiles/CMakeTmp/CheckSymbolExists.c:9:19: error: use of undeclared identifier 'lseek64'; did you mean 'lseek'?
  return ((int*)(&lseek64))[argc];
                  ^~~~~~~
                  lseek
/usr/include/unistd.h:464:8: note: 'lseek' declared here
off_t    lseek(int, off_t, int);
         ^
1 error generated.
make[1]: *** [CMakeFiles/cmTC_2fcb9.dir/CheckSymbolExists.c.o] Error 1
make: *** [cmTC_2fcb9/fast] Error 2

File /Users/magickli/Documents/github/llvm/llvm-project/build/CMakeFiles/CMakeTmp/CheckSymbolExists.c:
/* */
#include <sys/types.h>
#include <unistd.h>

int main(int argc, char** argv)
{
  (void)argv;
#ifndef lseek64
  return ((int*)(&lseek64))[argc];
#else
  (void)argc;
  return 0;
#endif
}

Determining if the mallctl exist failed with the following output:
Change Dir: /Users/magickli/Documents/github/llvm/llvm-project/build/CMakeFiles/CMakeTmp

Run Build Command:"/usr/bin/make" "cmTC_1a466/fast"
/Library/Developer/CommandLineTools/usr/bin/make -f CMakeFiles/cmTC_1a466.dir/build.make CMakeFiles/cmTC_1a466.dir/build
Building C object CMakeFiles/cmTC_1a466.dir/CheckSymbolExists.c.o
/Library/Developer/CommandLineTools/usr/bin/cc    -o CMakeFiles/cmTC_1a466.dir/CheckSymbolExists.c.o   -c /Users/magickli/Documents/github/llvm/llvm-project/build/CMakeFiles/CMakeTmp/CheckSymbolExists.c
/Users/magickli/Documents/github/llvm/llvm-project/build/CMakeFiles/CMakeTmp/CheckSymbolExists.c:2:10: fatal error: 'malloc_np.h' file not found
#include <malloc_np.h>
         ^
1 error generated.
make[1]: *** [CMakeFiles/cmTC_1a466.dir/CheckSymbolExists.c.o] Error 1
make: *** [cmTC_1a466/fast] Error 2

File /Users/magickli/Documents/github/llvm/llvm-project/build/CMakeFiles/CMakeTmp/CheckSymbolExists.c:
/* */
#include <malloc_np.h>

int main(int argc, char** argv)
{
  (void)argv;
#ifndef mallctl
  return ((int*)(&mallctl))[argc];
#else
  (void)argc;
  return 0;
#endif
}

Determining if the mallinfo exist failed with the following output:
Change Dir: /Users/magickli/Documents/github/llvm/llvm-project/build/CMakeFiles/CMakeTmp

Run Build Command:"/usr/bin/make" "cmTC_d92f1/fast"
/Library/Developer/CommandLineTools/usr/bin/make -f CMakeFiles/cmTC_d92f1.dir/build.make CMakeFiles/cmTC_d92f1.dir/build
Building C object CMakeFiles/cmTC_d92f1.dir/CheckSymbolExists.c.o
/Library/Developer/CommandLineTools/usr/bin/cc    -o CMakeFiles/cmTC_d92f1.dir/CheckSymbolExists.c.o   -c /Users/magickli/Documents/github/llvm/llvm-project/build/CMakeFiles/CMakeTmp/CheckSymbolExists.c
/Users/magickli/Documents/github/llvm/llvm-project/build/CMakeFiles/CMakeTmp/CheckSymbolExists.c:2:10: fatal error: 'malloc.h' file not found
#include <malloc.h>
         ^
1 error generated.
make[1]: *** [CMakeFiles/cmTC_d92f1.dir/CheckSymbolExists.c.o] Error 1
make: *** [cmTC_d92f1/fast] Error 2

File /Users/magickli/Documents/github/llvm/llvm-project/build/CMakeFiles/CMakeTmp/CheckSymbolExists.c:
/* */
#include <malloc.h>

int main(int argc, char** argv)
{
  (void)argv;
#ifndef mallinfo
  return ((int*)(&mallinfo))[argc];
#else
  (void)argc;
  return 0;
#endif
}

Determining if the strerror_s exist failed with the following output:
Change Dir: /Users/magickli/Documents/github/llvm/llvm-project/build/CMakeFiles/CMakeTmp

Run Build Command:"/usr/bin/make" "cmTC_6ab2d/fast"
/Library/Developer/CommandLineTools/usr/bin/make -f CMakeFiles/cmTC_6ab2d.dir/build.make CMakeFiles/cmTC_6ab2d.dir/build
Building C object CMakeFiles/cmTC_6ab2d.dir/CheckSymbolExists.c.o
/Library/Developer/CommandLineTools/usr/bin/cc    -o CMakeFiles/cmTC_6ab2d.dir/CheckSymbolExists.c.o   -c /Users/magickli/Documents/github/llvm/llvm-project/build/CMakeFiles/CMakeTmp/CheckSymbolExists.c
/Users/magickli/Documents/github/llvm/llvm-project/build/CMakeFiles/CMakeTmp/CheckSymbolExists.c:8:19: error: use of undeclared identifier 'strerror_s'; did you mean 'strerror_r'?
  return ((int*)(&strerror_s))[argc];
                  ^~~~~~~~~~
                  strerror_r
/usr/include/string.h:116:6: note: 'strerror_r' declared here
int      strerror_r(int __errnum, char *__strerrbuf, size_t __buflen);
         ^
1 error generated.
make[1]: *** [CMakeFiles/cmTC_6ab2d.dir/CheckSymbolExists.c.o] Error 1
make: *** [cmTC_6ab2d/fast] Error 2

File /Users/magickli/Documents/github/llvm/llvm-project/build/CMakeFiles/CMakeTmp/CheckSymbolExists.c:
/* */
#include <string.h>

int main(int argc, char** argv)
{
  (void)argv;
#ifndef strerror_s
  return ((int*)(&strerror_s))[argc];
#else
  (void)argc;
  return 0;
#endif
}

Determining if the __GLIBC__ exist failed with the following output:
Change Dir: /Users/magickli/Documents/github/llvm/llvm-project/build/CMakeFiles/CMakeTmp

Run Build Command:"/usr/bin/make" "cmTC_3753a/fast"
/Library/Developer/CommandLineTools/usr/bin/make -f CMakeFiles/cmTC_3753a.dir/build.make CMakeFiles/cmTC_3753a.dir/build
Building C object CMakeFiles/cmTC_3753a.dir/CheckSymbolExists.c.o
/Library/Developer/CommandLineTools/usr/bin/cc    -o CMakeFiles/cmTC_3753a.dir/CheckSymbolExists.c.o   -c /Users/magickli/Documents/github/llvm/llvm-project/build/CMakeFiles/CMakeTmp/CheckSymbolExists.c
/Users/magickli/Documents/github/llvm/llvm-project/build/CMakeFiles/CMakeTmp/CheckSymbolExists.c:8:19: error: use of undeclared identifier '__GLIBC__'
  return ((int*)(&__GLIBC__))[argc];
                  ^
1 error generated.
make[1]: *** [CMakeFiles/cmTC_3753a.dir/CheckSymbolExists.c.o] Error 1
make: *** [cmTC_3753a/fast] Error 2

File /Users/magickli/Documents/github/llvm/llvm-project/build/CMakeFiles/CMakeTmp/CheckSymbolExists.c:
/* */
#include <stdio.h>

int main(int argc, char** argv)
{
  (void)argv;
#ifndef __GLIBC__
  return ((int*)(&__GLIBC__))[argc];
#else
  (void)argc;
  return 0;
#endif
}

Determining if the function __gcc_personality_v0 exists in the gcc_s failed with the following output:
Change Dir: /Users/magickli/Documents/github/llvm/llvm-project/build/CMakeFiles/CMakeTmp

Run Build Command:"/usr/bin/make" "cmTC_ae22d/fast"
/Library/Developer/CommandLineTools/usr/bin/make -f CMakeFiles/cmTC_ae22d.dir/build.make CMakeFiles/cmTC_ae22d.dir/build
Building C object CMakeFiles/cmTC_ae22d.dir/CheckFunctionExists.c.o
/Library/Developer/CommandLineTools/usr/bin/cc   -fPIC -Werror=date-time -Wall -W -Wno-unused-parameter -Wwrite-strings -Wmissing-field-initializers -pedantic -Wno-long-long -Wcovered-switch-default -Wdelete-non-virtual-dtor -Wstring-conversion -DCHECK_FUNCTION_EXISTS=__gcc_personality_v0   -o CMakeFiles/cmTC_ae22d.dir/CheckFunctionExists.c.o   -c /usr/local/Cellar/cmake/3.9.1/share/cmake/Modules/CheckFunctionExists.c
Linking C executable cmTC_ae22d
/usr/local/Cellar/cmake/3.9.1/bin/cmake -E cmake_link_script CMakeFiles/cmTC_ae22d.dir/link.txt --verbose=1
/Library/Developer/CommandLineTools/usr/bin/cc  -fPIC -Werror=date-time -Wall -W -Wno-unused-parameter -Wwrite-strings -Wmissing-field-initializers -pedantic -Wno-long-long -Wcovered-switch-default -Wdelete-non-virtual-dtor -Wstring-conversion -DCHECK_FUNCTION_EXISTS=__gcc_personality_v0 -Wl,-search_paths_first -Wl,-headerpad_max_install_names   CMakeFiles/cmTC_ae22d.dir/CheckFunctionExists.c.o  -o cmTC_ae22d -lgcc_s -lm 
ld: library not found for -lgcc_s
clang: error: linker command failed with exit code 1 (use -v to see invocation)
make[1]: *** [cmTC_ae22d] Error 1
make: *** [cmTC_ae22d/fast] Error 2


Performing C++ SOURCE FILE Test COMPILER_RT_HAS_FFREESTANDING_FLAG failed with the following output:
Change Dir: /Users/magickli/Documents/github/llvm/llvm-project/build/CMakeFiles/CMakeTmp

Run Build Command:"/usr/bin/make" "cmTC_9863e/fast"
/Library/Developer/CommandLineTools/usr/bin/make -f CMakeFiles/cmTC_9863e.dir/build.make CMakeFiles/cmTC_9863e.dir/build
Building CXX object CMakeFiles/cmTC_9863e.dir/src.cxx.o
/Library/Developer/CommandLineTools/usr/bin/c++    -fPIC -fvisibility-inlines-hidden -Werror=date-time -std=c++11 -Wall -W -Wno-unused-parameter -Wwrite-strings -Wcast-qual -Wmissing-field-initializers -pedantic -Wno-long-long -Wcovered-switch-default -Wnon-virtual-dtor -Wdelete-non-virtual-dtor -Wstring-conversion -DCOMPILER_RT_HAS_FFREESTANDING_FLAG  -nodefaultlibs   -ffreestanding -o CMakeFiles/cmTC_9863e.dir/src.cxx.o -c /Users/magickli/Documents/github/llvm/llvm-project/build/CMakeFiles/CMakeTmp/src.cxx
Linking CXX executable cmTC_9863e
/usr/local/Cellar/cmake/3.9.1/bin/cmake -E cmake_link_script CMakeFiles/cmTC_9863e.dir/link.txt --verbose=1
/Library/Developer/CommandLineTools/usr/bin/c++   -fPIC -fvisibility-inlines-hidden -Werror=date-time -std=c++11 -Wall -W -Wno-unused-parameter -Wwrite-strings -Wcast-qual -Wmissing-field-initializers -pedantic -Wno-long-long -Wcovered-switch-default -Wnon-virtual-dtor -Wdelete-non-virtual-dtor -Wstring-conversion -DCOMPILER_RT_HAS_FFREESTANDING_FLAG  -nodefaultlibs -Wl,-search_paths_first -Wl,-headerpad_max_install_names   CMakeFiles/cmTC_9863e.dir/src.cxx.o  -o cmTC_9863e -lm -lc 
Undefined symbols for architecture x86_64:
  "_main", referenced from:
     implicit entry/start for main executable
ld: symbol(s) not found for architecture x86_64
clang: error: linker command failed with exit code 1 (use -v to see invocation)
make[1]: *** [cmTC_9863e] Error 1
make: *** [cmTC_9863e/fast] Error 2

Source file was:
int main() { return 0; }
Performing C++ SOURCE FILE Test COMPILER_RT_HAS_MCRC_FLAG failed with the following output:
Change Dir: /Users/magickli/Documents/github/llvm/llvm-project/build/CMakeFiles/CMakeTmp

Run Build Command:"/usr/bin/make" "cmTC_d28df/fast"
/Library/Developer/CommandLineTools/usr/bin/make -f CMakeFiles/cmTC_d28df.dir/build.make CMakeFiles/cmTC_d28df.dir/build
Building CXX object CMakeFiles/cmTC_d28df.dir/src.cxx.o
/Library/Developer/CommandLineTools/usr/bin/c++    -fPIC -fvisibility-inlines-hidden -Werror=date-time -std=c++11 -Wall -W -Wno-unused-parameter -Wwrite-strings -Wcast-qual -Wmissing-field-initializers -pedantic -Wno-long-long -Wcovered-switch-default -Wnon-virtual-dtor -Wdelete-non-virtual-dtor -Wstring-conversion -DCOMPILER_RT_HAS_MCRC_FLAG  -nodefaultlibs   -Werror -mcrc -o CMakeFiles/cmTC_d28df.dir/src.cxx.o -c /Users/magickli/Documents/github/llvm/llvm-project/build/CMakeFiles/CMakeTmp/src.cxx
clang: error: argument unused during compilation: '-mcrc' [-Werror,-Wunused-command-line-argument]
make[1]: *** [CMakeFiles/cmTC_d28df.dir/src.cxx.o] Error 1
make: *** [cmTC_d28df/fast] Error 2

Source file was:
int main() { return 0; }
Performing C++ SOURCE FILE Test COMPILER_RT_HAS_GR_FLAG failed with the following output:
Change Dir: /Users/magickli/Documents/github/llvm/llvm-project/build/CMakeFiles/CMakeTmp

Run Build Command:"/usr/bin/make" "cmTC_94fb9/fast"
/Library/Developer/CommandLineTools/usr/bin/make -f CMakeFiles/cmTC_94fb9.dir/build.make CMakeFiles/cmTC_94fb9.dir/build
Building CXX object CMakeFiles/cmTC_94fb9.dir/src.cxx.o
/Library/Developer/CommandLineTools/usr/bin/c++    -fPIC -fvisibility-inlines-hidden -Werror=date-time -std=c++11 -Wall -W -Wno-unused-parameter -Wwrite-strings -Wcast-qual -Wmissing-field-initializers -pedantic -Wno-long-long -Wcovered-switch-default -Wnon-virtual-dtor -Wdelete-non-virtual-dtor -Wstring-conversion -DCOMPILER_RT_HAS_GR_FLAG  -nodefaultlibs   /GR -o CMakeFiles/cmTC_94fb9.dir/src.cxx.o -c /Users/magickli/Documents/github/llvm/llvm-project/build/CMakeFiles/CMakeTmp/src.cxx
clang: error: no such file or directory: '/GR'
make[1]: *** [CMakeFiles/cmTC_94fb9.dir/src.cxx.o] Error 1
make: *** [cmTC_94fb9/fast] Error 2

Source file was:
int main() { return 0; }
Performing C++ SOURCE FILE Test COMPILER_RT_HAS_GS_FLAG failed with the following output:
Change Dir: /Users/magickli/Documents/github/llvm/llvm-project/build/CMakeFiles/CMakeTmp

Run Build Command:"/usr/bin/make" "cmTC_84d43/fast"
/Library/Developer/CommandLineTools/usr/bin/make -f CMakeFiles/cmTC_84d43.dir/build.make CMakeFiles/cmTC_84d43.dir/build
Building CXX object CMakeFiles/cmTC_84d43.dir/src.cxx.o
/Library/Developer/CommandLineTools/usr/bin/c++    -fPIC -fvisibility-inlines-hidden -Werror=date-time -std=c++11 -Wall -W -Wno-unused-parameter -Wwrite-strings -Wcast-qual -Wmissing-field-initializers -pedantic -Wno-long-long -Wcovered-switch-default -Wnon-virtual-dtor -Wdelete-non-virtual-dtor -Wstring-conversion -DCOMPILER_RT_HAS_GS_FLAG  -nodefaultlibs   /GS -o CMakeFiles/cmTC_84d43.dir/src.cxx.o -c /Users/magickli/Documents/github/llvm/llvm-project/build/CMakeFiles/CMakeTmp/src.cxx
clang: error: no such file or directory: '/GS'
make[1]: *** [CMakeFiles/cmTC_84d43.dir/src.cxx.o] Error 1
make: *** [cmTC_84d43/fast] Error 2

Source file was:
int main() { return 0; }
Performing C++ SOURCE FILE Test COMPILER_RT_HAS_MT_FLAG failed with the following output:
Change Dir: /Users/magickli/Documents/github/llvm/llvm-project/build/CMakeFiles/CMakeTmp

Run Build Command:"/usr/bin/make" "cmTC_468cb/fast"
/Library/Developer/CommandLineTools/usr/bin/make -f CMakeFiles/cmTC_468cb.dir/build.make CMakeFiles/cmTC_468cb.dir/build
Building CXX object CMakeFiles/cmTC_468cb.dir/src.cxx.o
/Library/Developer/CommandLineTools/usr/bin/c++    -fPIC -fvisibility-inlines-hidden -Werror=date-time -std=c++11 -Wall -W -Wno-unused-parameter -Wwrite-strings -Wcast-qual -Wmissing-field-initializers -pedantic -Wno-long-long -Wcovered-switch-default -Wnon-virtual-dtor -Wdelete-non-virtual-dtor -Wstring-conversion -DCOMPILER_RT_HAS_MT_FLAG  -nodefaultlibs   /MT -o CMakeFiles/cmTC_468cb.dir/src.cxx.o -c /Users/magickli/Documents/github/llvm/llvm-project/build/CMakeFiles/CMakeTmp/src.cxx
clang: error: no such file or directory: '/MT'
make[1]: *** [CMakeFiles/cmTC_468cb.dir/src.cxx.o] Error 1
make: *** [cmTC_468cb/fast] Error 2

Source file was:
int main() { return 0; }
Performing C++ SOURCE FILE Test COMPILER_RT_HAS_Oy_FLAG failed with the following output:
Change Dir: /Users/magickli/Documents/github/llvm/llvm-project/build/CMakeFiles/CMakeTmp

Run Build Command:"/usr/bin/make" "cmTC_4aa06/fast"
/Library/Developer/CommandLineTools/usr/bin/make -f CMakeFiles/cmTC_4aa06.dir/build.make CMakeFiles/cmTC_4aa06.dir/build
Building CXX object CMakeFiles/cmTC_4aa06.dir/src.cxx.o
/Library/Developer/CommandLineTools/usr/bin/c++    -fPIC -fvisibility-inlines-hidden -Werror=date-time -std=c++11 -Wall -W -Wno-unused-parameter -Wwrite-strings -Wcast-qual -Wmissing-field-initializers -pedantic -Wno-long-long -Wcovered-switch-default -Wnon-virtual-dtor -Wdelete-non-virtual-dtor -Wstring-conversion -DCOMPILER_RT_HAS_Oy_FLAG  -nodefaultlibs   /Oy -o CMakeFiles/cmTC_4aa06.dir/src.cxx.o -c /Users/magickli/Documents/github/llvm/llvm-project/build/CMakeFiles/CMakeTmp/src.cxx
clang: error: no such file or directory: '/Oy'
make[1]: *** [CMakeFiles/cmTC_4aa06.dir/src.cxx.o] Error 1
make: *** [cmTC_4aa06/fast] Error 2

Source file was:
int main() { return 0; }
Performing C++ SOURCE FILE Test COMPILER_RT_HAS_Zi_FLAG failed with the following output:
Change Dir: /Users/magickli/Documents/github/llvm/llvm-project/build/CMakeFiles/CMakeTmp

Run Build Command:"/usr/bin/make" "cmTC_cdc46/fast"
/Library/Developer/CommandLineTools/usr/bin/make -f CMakeFiles/cmTC_cdc46.dir/build.make CMakeFiles/cmTC_cdc46.dir/build
Building CXX object CMakeFiles/cmTC_cdc46.dir/src.cxx.o
/Library/Developer/CommandLineTools/usr/bin/c++    -fPIC -fvisibility-inlines-hidden -Werror=date-time -std=c++11 -Wall -W -Wno-unused-parameter -Wwrite-strings -Wcast-qual -Wmissing-field-initializers -pedantic -Wno-long-long -Wcovered-switch-default -Wnon-virtual-dtor -Wdelete-non-virtual-dtor -Wstring-conversion -DCOMPILER_RT_HAS_Zi_FLAG  -nodefaultlibs   /Zi -o CMakeFiles/cmTC_cdc46.dir/src.cxx.o -c /Users/magickli/Documents/github/llvm/llvm-project/build/CMakeFiles/CMakeTmp/src.cxx
clang: error: no such file or directory: '/Zi'
make[1]: *** [CMakeFiles/cmTC_cdc46.dir/src.cxx.o] Error 1
make: *** [cmTC_cdc46/fast] Error 2

Source file was:
int main() { return 0; }
Performing C++ SOURCE FILE Test COMPILER_RT_HAS_W4_FLAG failed with the following output:
Change Dir: /Users/magickli/Documents/github/llvm/llvm-project/build/CMakeFiles/CMakeTmp

Run Build Command:"/usr/bin/make" "cmTC_78c50/fast"
/Library/Developer/CommandLineTools/usr/bin/make -f CMakeFiles/cmTC_78c50.dir/build.make CMakeFiles/cmTC_78c50.dir/build
Building CXX object CMakeFiles/cmTC_78c50.dir/src.cxx.o
/Library/Developer/CommandLineTools/usr/bin/c++    -fPIC -fvisibility-inlines-hidden -Werror=date-time -std=c++11 -Wall -W -Wno-unused-parameter -Wwrite-strings -Wcast-qual -Wmissing-field-initializers -pedantic -Wno-long-long -Wcovered-switch-default -Wnon-virtual-dtor -Wdelete-non-virtual-dtor -Wstring-conversion -DCOMPILER_RT_HAS_W4_FLAG  -nodefaultlibs   /W4 -o CMakeFiles/cmTC_78c50.dir/src.cxx.o -c /Users/magickli/Documents/github/llvm/llvm-project/build/CMakeFiles/CMakeTmp/src.cxx
clang: error: no such file or directory: '/W4'
make[1]: *** [CMakeFiles/cmTC_78c50.dir/src.cxx.o] Error 1
make: *** [cmTC_78c50/fast] Error 2

Source file was:
int main() { return 0; }
Performing C++ SOURCE FILE Test COMPILER_RT_HAS_WX_FLAG failed with the following output:
Change Dir: /Users/magickli/Documents/github/llvm/llvm-project/build/CMakeFiles/CMakeTmp

Run Build Command:"/usr/bin/make" "cmTC_7917f/fast"
/Library/Developer/CommandLineTools/usr/bin/make -f CMakeFiles/cmTC_7917f.dir/build.make CMakeFiles/cmTC_7917f.dir/build
Building CXX object CMakeFiles/cmTC_7917f.dir/src.cxx.o
/Library/Developer/CommandLineTools/usr/bin/c++    -fPIC -fvisibility-inlines-hidden -Werror=date-time -std=c++11 -Wall -W -Wno-unused-parameter -Wwrite-strings -Wcast-qual -Wmissing-field-initializers -pedantic -Wno-long-long -Wcovered-switch-default -Wnon-virtual-dtor -Wdelete-non-virtual-dtor -Wstring-conversion -DCOMPILER_RT_HAS_WX_FLAG  -nodefaultlibs   /WX -o CMakeFiles/cmTC_7917f.dir/src.cxx.o -c /Users/magickli/Documents/github/llvm/llvm-project/build/CMakeFiles/CMakeTmp/src.cxx
clang: error: no such file or directory: '/WX'
make[1]: *** [CMakeFiles/cmTC_7917f.dir/src.cxx.o] Error 1
make: *** [cmTC_7917f/fast] Error 2

Source file was:
int main() { return 0; }
Performing C++ SOURCE FILE Test COMPILER_RT_HAS_WD4146_FLAG failed with the following output:
Change Dir: /Users/magickli/Documents/github/llvm/llvm-project/build/CMakeFiles/CMakeTmp

Run Build Command:"/usr/bin/make" "cmTC_5897c/fast"
/Library/Developer/CommandLineTools/usr/bin/make -f CMakeFiles/cmTC_5897c.dir/build.make CMakeFiles/cmTC_5897c.dir/build
Building CXX object CMakeFiles/cmTC_5897c.dir/src.cxx.o
/Library/Developer/CommandLineTools/usr/bin/c++    -fPIC -fvisibility-inlines-hidden -Werror=date-time -std=c++11 -Wall -W -Wno-unused-parameter -Wwrite-strings -Wcast-qual -Wmissing-field-initializers -pedantic -Wno-long-long -Wcovered-switch-default -Wnon-virtual-dtor -Wdelete-non-virtual-dtor -Wstring-conversion -DCOMPILER_RT_HAS_WD4146_FLAG  -nodefaultlibs   /wd4146 -o CMakeFiles/cmTC_5897c.dir/src.cxx.o -c /Users/magickli/Documents/github/llvm/llvm-project/build/CMakeFiles/CMakeTmp/src.cxx
clang: error: no such file or directory: '/wd4146'
make[1]: *** [CMakeFiles/cmTC_5897c.dir/src.cxx.o] Error 1
make: *** [cmTC_5897c/fast] Error 2

Source file was:
int main() { return 0; }
Performing C++ SOURCE FILE Test COMPILER_RT_HAS_WD4291_FLAG failed with the following output:
Change Dir: /Users/magickli/Documents/github/llvm/llvm-project/build/CMakeFiles/CMakeTmp

Run Build Command:"/usr/bin/make" "cmTC_b6e5a/fast"
/Library/Developer/CommandLineTools/usr/bin/make -f CMakeFiles/cmTC_b6e5a.dir/build.make CMakeFiles/cmTC_b6e5a.dir/build
Building CXX object CMakeFiles/cmTC_b6e5a.dir/src.cxx.o
/Library/Developer/CommandLineTools/usr/bin/c++    -fPIC -fvisibility-inlines-hidden -Werror=date-time -std=c++11 -Wall -W -Wno-unused-parameter -Wwrite-strings -Wcast-qual -Wmissing-field-initializers -pedantic -Wno-long-long -Wcovered-switch-default -Wnon-virtual-dtor -Wdelete-non-virtual-dtor -Wstring-conversion -DCOMPILER_RT_HAS_WD4291_FLAG  -nodefaultlibs   /wd4291 -o CMakeFiles/cmTC_b6e5a.dir/src.cxx.o -c /Users/magickli/Documents/github/llvm/llvm-project/build/CMakeFiles/CMakeTmp/src.cxx
clang: error: no such file or directory: '/wd4291'
make[1]: *** [CMakeFiles/cmTC_b6e5a.dir/src.cxx.o] Error 1
make: *** [cmTC_b6e5a/fast] Error 2

Source file was:
int main() { return 0; }
Performing C++ SOURCE FILE Test COMPILER_RT_HAS_WD4221_FLAG failed with the following output:
Change Dir: /Users/magickli/Documents/github/llvm/llvm-project/build/CMakeFiles/CMakeTmp

Run Build Command:"/usr/bin/make" "cmTC_3b70b/fast"
/Library/Developer/CommandLineTools/usr/bin/make -f CMakeFiles/cmTC_3b70b.dir/build.make CMakeFiles/cmTC_3b70b.dir/build
Building CXX object CMakeFiles/cmTC_3b70b.dir/src.cxx.o
/Library/Developer/CommandLineTools/usr/bin/c++    -fPIC -fvisibility-inlines-hidden -Werror=date-time -std=c++11 -Wall -W -Wno-unused-parameter -Wwrite-strings -Wcast-qual -Wmissing-field-initializers -pedantic -Wno-long-long -Wcovered-switch-default -Wnon-virtual-dtor -Wdelete-non-virtual-dtor -Wstring-conversion -DCOMPILER_RT_HAS_WD4221_FLAG  -nodefaultlibs   /wd4221 -o CMakeFiles/cmTC_3b70b.dir/src.cxx.o -c /Users/magickli/Documents/github/llvm/llvm-project/build/CMakeFiles/CMakeTmp/src.cxx
clang: error: no such file or directory: '/wd4221'
make[1]: *** [CMakeFiles/cmTC_3b70b.dir/src.cxx.o] Error 1
make: *** [cmTC_3b70b/fast] Error 2

Source file was:
int main() { return 0; }
Performing C++ SOURCE FILE Test COMPILER_RT_HAS_WD4391_FLAG failed with the following output:
Change Dir: /Users/magickli/Documents/github/llvm/llvm-project/build/CMakeFiles/CMakeTmp

Run Build Command:"/usr/bin/make" "cmTC_75ce7/fast"
/Library/Developer/CommandLineTools/usr/bin/make -f CMakeFiles/cmTC_75ce7.dir/build.make CMakeFiles/cmTC_75ce7.dir/build
Building CXX object CMakeFiles/cmTC_75ce7.dir/src.cxx.o
/Library/Developer/CommandLineTools/usr/bin/c++    -fPIC -fvisibility-inlines-hidden -Werror=date-time -std=c++11 -Wall -W -Wno-unused-parameter -Wwrite-strings -Wcast-qual -Wmissing-field-initializers -pedantic -Wno-long-long -Wcovered-switch-default -Wnon-virtual-dtor -Wdelete-non-virtual-dtor -Wstring-conversion -DCOMPILER_RT_HAS_WD4391_FLAG  -nodefaultlibs   /wd4391 -o CMakeFiles/cmTC_75ce7.dir/src.cxx.o -c /Users/magickli/Documents/github/llvm/llvm-project/build/CMakeFiles/CMakeTmp/src.cxx
clang: error: no such file or directory: '/wd4391'
make[1]: *** [CMakeFiles/cmTC_75ce7.dir/src.cxx.o] Error 1
make: *** [cmTC_75ce7/fast] Error 2

Source file was:
int main() { return 0; }
Performing C++ SOURCE FILE Test COMPILER_RT_HAS_WD4722_FLAG failed with the following output:
Change Dir: /Users/magickli/Documents/github/llvm/llvm-project/build/CMakeFiles/CMakeTmp

Run Build Command:"/usr/bin/make" "cmTC_4d0a7/fast"
/Library/Developer/CommandLineTools/usr/bin/make -f CMakeFiles/cmTC_4d0a7.dir/build.make CMakeFiles/cmTC_4d0a7.dir/build
Building CXX object CMakeFiles/cmTC_4d0a7.dir/src.cxx.o
/Library/Developer/CommandLineTools/usr/bin/c++    -fPIC -fvisibility-inlines-hidden -Werror=date-time -std=c++11 -Wall -W -Wno-unused-parameter -Wwrite-strings -Wcast-qual -Wmissing-field-initializers -pedantic -Wno-long-long -Wcovered-switch-default -Wnon-virtual-dtor -Wdelete-non-virtual-dtor -Wstring-conversion -DCOMPILER_RT_HAS_WD4722_FLAG  -nodefaultlibs   /wd4722 -o CMakeFiles/cmTC_4d0a7.dir/src.cxx.o -c /Users/magickli/Documents/github/llvm/llvm-project/build/CMakeFiles/CMakeTmp/src.cxx
clang: error: no such file or directory: '/wd4722'
make[1]: *** [CMakeFiles/cmTC_4d0a7.dir/src.cxx.o] Error 1
make: *** [cmTC_4d0a7/fast] Error 2

Source file was:
int main() { return 0; }
Performing C++ SOURCE FILE Test COMPILER_RT_HAS_WD4800_FLAG failed with the following output:
Change Dir: /Users/magickli/Documents/github/llvm/llvm-project/build/CMakeFiles/CMakeTmp

Run Build Command:"/usr/bin/make" "cmTC_ab408/fast"
/Library/Developer/CommandLineTools/usr/bin/make -f CMakeFiles/cmTC_ab408.dir/build.make CMakeFiles/cmTC_ab408.dir/build
Building CXX object CMakeFiles/cmTC_ab408.dir/src.cxx.o
/Library/Developer/CommandLineTools/usr/bin/c++    -fPIC -fvisibility-inlines-hidden -Werror=date-time -std=c++11 -Wall -W -Wno-unused-parameter -Wwrite-strings -Wcast-qual -Wmissing-field-initializers -pedantic -Wno-long-long -Wcovered-switch-default -Wnon-virtual-dtor -Wdelete-non-virtual-dtor -Wstring-conversion -DCOMPILER_RT_HAS_WD4800_FLAG  -nodefaultlibs   /wd4800 -o CMakeFiles/cmTC_ab408.dir/src.cxx.o -c /Users/magickli/Documents/github/llvm/llvm-project/build/CMakeFiles/CMakeTmp/src.cxx
clang: error: no such file or directory: '/wd4800'
make[1]: *** [CMakeFiles/cmTC_ab408.dir/src.cxx.o] Error 1
make: *** [cmTC_ab408/fast] Error 2

Source file was:
int main() { return 0; }
Determining if the function shm_open exists in the rt failed with the following output:
Change Dir: /Users/magickli/Documents/github/llvm/llvm-project/build/CMakeFiles/CMakeTmp

Run Build Command:"/usr/bin/make" "cmTC_f98f9/fast"
/Library/Developer/CommandLineTools/usr/bin/make -f CMakeFiles/cmTC_f98f9.dir/build.make CMakeFiles/cmTC_f98f9.dir/build
Building C object CMakeFiles/cmTC_f98f9.dir/CheckFunctionExists.c.o
/Library/Developer/CommandLineTools/usr/bin/cc   -fPIC -Werror=date-time -Wall -W -Wno-unused-parameter -Wwrite-strings -Wmissing-field-initializers -pedantic -Wno-long-long -Wcovered-switch-default -Wdelete-non-virtual-dtor -Wstring-conversion -DCHECK_FUNCTION_EXISTS=shm_open  -nodefaultlibs   -o CMakeFiles/cmTC_f98f9.dir/CheckFunctionExists.c.o   -c /usr/local/Cellar/cmake/3.9.1/share/cmake/Modules/CheckFunctionExists.c
Linking C executable cmTC_f98f9
/usr/local/Cellar/cmake/3.9.1/bin/cmake -E cmake_link_script CMakeFiles/cmTC_f98f9.dir/link.txt --verbose=1
/Library/Developer/CommandLineTools/usr/bin/cc  -fPIC -Werror=date-time -Wall -W -Wno-unused-parameter -Wwrite-strings -Wmissing-field-initializers -pedantic -Wno-long-long -Wcovered-switch-default -Wdelete-non-virtual-dtor -Wstring-conversion -DCHECK_FUNCTION_EXISTS=shm_open  -nodefaultlibs -Wl,-search_paths_first -Wl,-headerpad_max_install_names   CMakeFiles/cmTC_f98f9.dir/CheckFunctionExists.c.o  -o cmTC_f98f9 -lrt -lm -lc 
ld: library not found for -lrt
clang: error: linker command failed with exit code 1 (use -v to see invocation)
make[1]: *** [cmTC_f98f9] Error 1
make: *** [cmTC_f98f9/fast] Error 2


Testing compiler for supporting osx-armv6:
Change Dir: /Users/magickli/Documents/github/llvm/llvm-project/build/CMakeFiles/CMakeTmp

Run Build Command:"/usr/bin/make" "cmTC_6dc88/fast"
/Library/Developer/CommandLineTools/usr/bin/make -f CMakeFiles/cmTC_6dc88.dir/build.make CMakeFiles/cmTC_6dc88.dir/build
Building C object CMakeFiles/cmTC_6dc88.dir/src.c.o
/Library/Developer/CommandLineTools/usr/bin/cc   -fPIC -Werror=date-time -Wall -W -Wno-unused-parameter -Wwrite-strings -Wmissing-field-initializers -pedantic -Wno-long-long -Wcovered-switch-default -Wdelete-non-virtual-dtor -Wstring-conversion    -v -arch armv6 -stdlib=libc++ -mmacosx-version-min=10.9 -isysroot / -o CMakeFiles/cmTC_6dc88.dir/src.c.o   -c /Users/magickli/Documents/github/llvm/llvm-project/build/CMakeFiles/src.c
Apple LLVM version 8.1.0 (clang-802.0.42)
Target: arm-apple-darwin16.7.0
Thread model: posix
InstalledDir: /Library/Developer/CommandLineTools/usr/bin
 "/Library/Developer/CommandLineTools/usr/bin/clang" -cc1 -triple armv6k-apple-macosx10.9.0 -emit-obj -mrelax-all -disable-free -disable-llvm-verifier -discard-value-names -main-file-name src.c -mrelocation-model pic -pic-level 2 -mthread-model posix -mdisable-fp-elim -masm-verbose -target-cpu arm1176j-s -target-feature +soft-float-abi -target-abi apcs-gnu -mfloat-abi soft -target-linker-version 278.4 -v -dwarf-column-info -debugger-tuning=lldb -coverage-file /Users/magickli/Documents/github/LLVM/llvm-project/build/CMakeFiles/CMakeTmp/CMakeFiles/cmTC_6dc88.dir/src.c.o -resource-dir /Library/Developer/CommandLineTools/usr/bin/../lib/clang/8.1.0 -isysroot / -Werror=date-time -Wall -W -Wno-unused-parameter -Wwrite-strings -Wmissing-field-initializers -Wno-long-long -Wcovered-switch-default -Wdelete-non-virtual-dtor -Wstring-conversion -pedantic -fconst-strings -fdebug-compilation-dir /Users/magickli/Documents/github/LLVM/llvm-project/build/CMakeFiles/CMakeTmp -ferror-limit 19 -fmessage-length 0 -stack-protector 1 -fallow-half-arguments-and-returns -fblocks -fobjc-runtime=macosx-10.9.0 -fencode-extended-block-signature -fsjlj-exceptions -fmax-type-align=16 -fdiagnostics-show-option -o CMakeFiles/cmTC_6dc88.dir/src.c.o -x c /Users/magickli/Documents/github/llvm/llvm-project/build/CMakeFiles/src.c
clang -cc1 version 8.1.0 (clang-802.0.42) default target x86_64-apple-darwin16.7.0
#include "..." search starts here:
#include <...> search starts here:
 /usr/local/include
 /Library/Developer/CommandLineTools/usr/bin/../lib/clang/8.1.0/include
 /Library/Developer/CommandLineTools/usr/include
 /usr/include
 /System/Library/Frameworks (framework directory)
 /Library/Frameworks (framework directory)
End of search list.
In file included from /Users/magickli/Documents/github/llvm/llvm-project/build/CMakeFiles/src.c:1:
In file included from /usr/include/stdio.h:64:
/usr/include/sys/cdefs.h:761:2: error: Unsupported architecture
#error Unsupported architecture
 ^
In file included from /Users/magickli/Documents/github/llvm/llvm-project/build/CMakeFiles/src.c:1:
In file included from /usr/include/stdio.h:67:
In file included from /usr/include/_types.h:27:
In file included from /usr/include/sys/_types.h:33:
/usr/include/machine/_types.h:34:2: error: architecture not supported
#error architecture not supported
 ^
In file included from /Users/magickli/Documents/github/llvm/llvm-project/build/CMakeFiles/src.c:1:
In file included from /usr/include/stdio.h:67:
In file included from /usr/include/_types.h:27:
/usr/include/sys/_types.h:55:9: error: unknown type name '__int64_t'
typedef __int64_t       __darwin_blkcnt_t;      /* total blocks */
        ^
/usr/include/sys/_types.h:56:9: error: unknown type name '__int32_t'
typedef __int32_t       __darwin_blksize_t;     /* preferred block size */
        ^
/usr/include/sys/_types.h:57:9: error: unknown type name '__int32_t'
typedef __int32_t       __darwin_dev_t;         /* dev_t */
        ^
/usr/include/sys/_types.h:60:9: error: unknown type name '__uint32_t'
typedef __uint32_t      __darwin_gid_t;         /* [???] process and group IDs */
        ^
/usr/include/sys/_types.h:61:9: error: unknown type name '__uint32_t'
typedef __uint32_t      __darwin_id_t;          /* [XSI] pid_t, uid_t, or gid_t*/
        ^
/usr/include/sys/_types.h:62:9: error: unknown type name '__uint64_t'
typedef __uint64_t      __darwin_ino64_t;       /* [???] Used for 64 bit inodes */
        ^
/usr/include/sys/_types.h:68:9: error: unknown type name '__darwin_natural_t'
typedef __darwin_natural_t __darwin_mach_port_name_t; /* Used by mach */
        ^
/usr/include/sys/_types.h:70:9: error: unknown type name '__uint16_t'
typedef __uint16_t      __darwin_mode_t;        /* [???] Some file attributes */
        ^
/usr/include/sys/_types.h:71:9: error: unknown type name '__int64_t'
typedef __int64_t       __darwin_off_t;         /* [???] Used for file sizes */
        ^
/usr/include/sys/_types.h:72:9: error: unknown type name '__int32_t'
typedef __int32_t       __darwin_pid_t;         /* [???] process and group IDs */
        ^
/usr/include/sys/_types.h:73:9: error: unknown type name '__uint32_t'
typedef __uint32_t      __darwin_sigset_t;      /* [???] signal set */
        ^
/usr/include/sys/_types.h:74:9: error: unknown type name '__int32_t'
typedef __int32_t       __darwin_suseconds_t;   /* [???] microseconds */
        ^
/usr/include/sys/_types.h:75:9: error: unknown type name '__uint32_t'
typedef __uint32_t      __darwin_uid_t;         /* [???] user IDs */
        ^
/usr/include/sys/_types.h:76:9: error: unknown type name '__uint32_t'
typedef __uint32_t      __darwin_useconds_t;    /* [???] microseconds */
        ^
In file included from /Users/magickli/Documents/github/llvm/llvm-project/build/CMakeFiles/src.c:1:
In file included from /usr/include/stdio.h:71:
/usr/include/sys/_types/_va_list.h:31:9: error: unknown type name '__darwin_va_list'; did you mean '__builtin_va_list'?
typedef __darwin_va_list va_list;
        ^
note: '__builtin_va_list' declared here
In file included from /Users/magickli/Documents/github/llvm/llvm-project/build/CMakeFiles/src.c:1:
In file included from /usr/include/stdio.h:72:
/usr/include/sys/_types/_size_t.h:30:9: error: unknown type name '__darwin_size_t'; did you mean '__darwin_ino_t'?
typedef __darwin_size_t        size_t; 
        ^
/usr/include/sys/_types.h:64:26: note: '__darwin_ino_t' declared here
typedef __darwin_ino64_t __darwin_ino_t;        /* [???] Used for inodes */
                         ^
In file included from /Users/magickli/Documents/github/llvm/llvm-project/build/CMakeFiles/src.c:1:
In file included from /usr/include/stdio.h:442:
/usr/include/sys/_types/_ssize_t.h:30:9: error: unknown type name '__darwin_ssize_t'
typedef __darwin_ssize_t        ssize_t; 
        ^
19 errors generated.
make[1]: *** [CMakeFiles/cmTC_6dc88.dir/src.c.o] Error 1
make: *** [cmTC_6dc88/fast] Error 2

Testing compiler for supporting osx-armv7:
Change Dir: /Users/magickli/Documents/github/llvm/llvm-project/build/CMakeFiles/CMakeTmp

Run Build Command:"/usr/bin/make" "cmTC_2d8f0/fast"
/Library/Developer/CommandLineTools/usr/bin/make -f CMakeFiles/cmTC_2d8f0.dir/build.make CMakeFiles/cmTC_2d8f0.dir/build
Building C object CMakeFiles/cmTC_2d8f0.dir/src.c.o
/Library/Developer/CommandLineTools/usr/bin/cc   -fPIC -Werror=date-time -Wall -W -Wno-unused-parameter -Wwrite-strings -Wmissing-field-initializers -pedantic -Wno-long-long -Wcovered-switch-default -Wdelete-non-virtual-dtor -Wstring-conversion    -v -arch armv7 -stdlib=libc++ -mmacosx-version-min=10.9 -isysroot / -o CMakeFiles/cmTC_2d8f0.dir/src.c.o   -c /Users/magickli/Documents/github/llvm/llvm-project/build/CMakeFiles/src.c
Apple LLVM version 8.1.0 (clang-802.0.42)
Target: arm-apple-darwin16.7.0
Thread model: posix
InstalledDir: /Library/Developer/CommandLineTools/usr/bin
 "/Library/Developer/CommandLineTools/usr/bin/clang" -cc1 -triple thumbv7-apple-macosx10.9.0 -emit-obj -mrelax-all -disable-free -disable-llvm-verifier -discard-value-names -main-file-name src.c -mrelocation-model pic -pic-level 2 -mthread-model posix -mdisable-fp-elim -masm-verbose -target-cpu cortex-a8 -target-feature +soft-float-abi -target-abi apcs-gnu -mfloat-abi soft -target-linker-version 278.4 -v -dwarf-column-info -debugger-tuning=lldb -coverage-file /Users/magickli/Documents/github/LLVM/llvm-project/build/CMakeFiles/CMakeTmp/CMakeFiles/cmTC_2d8f0.dir/src.c.o -resource-dir /Library/Developer/CommandLineTools/usr/bin/../lib/clang/8.1.0 -isysroot / -Werror=date-time -Wall -W -Wno-unused-parameter -Wwrite-strings -Wmissing-field-initializers -Wno-long-long -Wcovered-switch-default -Wdelete-non-virtual-dtor -Wstring-conversion -pedantic -fconst-strings -fdebug-compilation-dir /Users/magickli/Documents/github/LLVM/llvm-project/build/CMakeFiles/CMakeTmp -ferror-limit 19 -fmessage-length 0 -stack-protector 1 -fallow-half-arguments-and-returns -fblocks -fobjc-runtime=macosx-10.9.0 -fencode-extended-block-signature -fsjlj-exceptions -fmax-type-align=16 -fdiagnostics-show-option -o CMakeFiles/cmTC_2d8f0.dir/src.c.o -x c /Users/magickli/Documents/github/llvm/llvm-project/build/CMakeFiles/src.c
clang -cc1 version 8.1.0 (clang-802.0.42) default target x86_64-apple-darwin16.7.0
#include "..." search starts here:
#include <...> search starts here:
 /usr/local/include
 /Library/Developer/CommandLineTools/usr/bin/../lib/clang/8.1.0/include
 /Library/Developer/CommandLineTools/usr/include
 /usr/include
 /System/Library/Frameworks (framework directory)
 /Library/Frameworks (framework directory)
End of search list.
In file included from /Users/magickli/Documents/github/llvm/llvm-project/build/CMakeFiles/src.c:1:
In file included from /usr/include/stdio.h:64:
/usr/include/sys/cdefs.h:761:2: error: Unsupported architecture
#error Unsupported architecture
 ^
In file included from /Users/magickli/Documents/github/llvm/llvm-project/build/CMakeFiles/src.c:1:
In file included from /usr/include/stdio.h:67:
In file included from /usr/include/_types.h:27:
In file included from /usr/include/sys/_types.h:33:
/usr/include/machine/_types.h:34:2: error: architecture not supported
#error architecture not supported
 ^
In file included from /Users/magickli/Documents/github/llvm/llvm-project/build/CMakeFiles/src.c:1:
In file included from /usr/include/stdio.h:67:
In file included from /usr/include/_types.h:27:
/usr/include/sys/_types.h:55:9: error: unknown type name '__int64_t'
typedef __int64_t       __darwin_blkcnt_t;      /* total blocks */
        ^
/usr/include/sys/_types.h:56:9: error: unknown type name '__int32_t'
typedef __int32_t       __darwin_blksize_t;     /* preferred block size */
        ^
/usr/include/sys/_types.h:57:9: error: unknown type name '__int32_t'
typedef __int32_t       __darwin_dev_t;         /* dev_t */
        ^
/usr/include/sys/_types.h:60:9: error: unknown type name '__uint32_t'
typedef __uint32_t      __darwin_gid_t;         /* [???] process and group IDs */
        ^
/usr/include/sys/_types.h:61:9: error: unknown type name '__uint32_t'
typedef __uint32_t      __darwin_id_t;          /* [XSI] pid_t, uid_t, or gid_t*/
        ^
/usr/include/sys/_types.h:62:9: error: unknown type name '__uint64_t'
typedef __uint64_t      __darwin_ino64_t;       /* [???] Used for 64 bit inodes */
        ^
/usr/include/sys/_types.h:68:9: error: unknown type name '__darwin_natural_t'
typedef __darwin_natural_t __darwin_mach_port_name_t; /* Used by mach */
        ^
/usr/include/sys/_types.h:70:9: error: unknown type name '__uint16_t'
typedef __uint16_t      __darwin_mode_t;        /* [???] Some file attributes */
        ^
/usr/include/sys/_types.h:71:9: error: unknown type name '__int64_t'
typedef __int64_t       __darwin_off_t;         /* [???] Used for file sizes */
        ^
/usr/include/sys/_types.h:72:9: error: unknown type name '__int32_t'
typedef __int32_t       __darwin_pid_t;         /* [???] process and group IDs */
        ^
/usr/include/sys/_types.h:73:9: error: unknown type name '__uint32_t'
typedef __uint32_t      __darwin_sigset_t;      /* [???] signal set */
        ^
/usr/include/sys/_types.h:74:9: error: unknown type name '__int32_t'
typedef __int32_t       __darwin_suseconds_t;   /* [???] microseconds */
        ^
/usr/include/sys/_types.h:75:9: error: unknown type name '__uint32_t'
typedef __uint32_t      __darwin_uid_t;         /* [???] user IDs */
        ^
/usr/include/sys/_types.h:76:9: error: unknown type name '__uint32_t'
typedef __uint32_t      __darwin_useconds_t;    /* [???] microseconds */
        ^
In file included from /Users/magickli/Documents/github/llvm/llvm-project/build/CMakeFiles/src.c:1:
In file included from /usr/include/stdio.h:71:
/usr/include/sys/_types/_va_list.h:31:9: error: unknown type name '__darwin_va_list'; did you mean '__builtin_va_list'?
typedef __darwin_va_list va_list;
        ^
note: '__builtin_va_list' declared here
In file included from /Users/magickli/Documents/github/llvm/llvm-project/build/CMakeFiles/src.c:1:
In file included from /usr/include/stdio.h:72:
/usr/include/sys/_types/_size_t.h:30:9: error: unknown type name '__darwin_size_t'; did you mean '__darwin_ino_t'?
typedef __darwin_size_t        size_t; 
        ^
/usr/include/sys/_types.h:64:26: note: '__darwin_ino_t' declared here
typedef __darwin_ino64_t __darwin_ino_t;        /* [???] Used for inodes */
                         ^
In file included from /Users/magickli/Documents/github/llvm/llvm-project/build/CMakeFiles/src.c:1:
In file included from /usr/include/stdio.h:442:
/usr/include/sys/_types/_ssize_t.h:30:9: error: unknown type name '__darwin_ssize_t'
typedef __darwin_ssize_t        ssize_t; 
        ^
19 errors generated.
make[1]: *** [CMakeFiles/cmTC_2d8f0.dir/src.c.o] Error 1
make: *** [cmTC_2d8f0/fast] Error 2

Testing compiler for supporting osx-armv7s:
Change Dir: /Users/magickli/Documents/github/llvm/llvm-project/build/CMakeFiles/CMakeTmp

Run Build Command:"/usr/bin/make" "cmTC_2f4aa/fast"
/Library/Developer/CommandLineTools/usr/bin/make -f CMakeFiles/cmTC_2f4aa.dir/build.make CMakeFiles/cmTC_2f4aa.dir/build
Building C object CMakeFiles/cmTC_2f4aa.dir/src.c.o
/Library/Developer/CommandLineTools/usr/bin/cc   -fPIC -Werror=date-time -Wall -W -Wno-unused-parameter -Wwrite-strings -Wmissing-field-initializers -pedantic -Wno-long-long -Wcovered-switch-default -Wdelete-non-virtual-dtor -Wstring-conversion    -v -arch armv7s -stdlib=libc++ -mmacosx-version-min=10.9 -isysroot / -o CMakeFiles/cmTC_2f4aa.dir/src.c.o   -c /Users/magickli/Documents/github/llvm/llvm-project/build/CMakeFiles/src.c
Apple LLVM version 8.1.0 (clang-802.0.42)
Target: arm-apple-darwin16.7.0
Thread model: posix
InstalledDir: /Library/Developer/CommandLineTools/usr/bin
 "/Library/Developer/CommandLineTools/usr/bin/clang" -cc1 -triple thumbv7s-apple-macosx10.9.0 -emit-obj -mrelax-all -disable-free -disable-llvm-verifier -discard-value-names -main-file-name src.c -mrelocation-model pic -pic-level 2 -mthread-model posix -mdisable-fp-elim -masm-verbose -target-cpu swift -target-feature +soft-float-abi -target-abi apcs-gnu -mfloat-abi soft -target-linker-version 278.4 -v -dwarf-column-info -debugger-tuning=lldb -coverage-file /Users/magickli/Documents/github/LLVM/llvm-project/build/CMakeFiles/CMakeTmp/CMakeFiles/cmTC_2f4aa.dir/src.c.o -resource-dir /Library/Developer/CommandLineTools/usr/bin/../lib/clang/8.1.0 -isysroot / -Werror=date-time -Wall -W -Wno-unused-parameter -Wwrite-strings -Wmissing-field-initializers -Wno-long-long -Wcovered-switch-default -Wdelete-non-virtual-dtor -Wstring-conversion -pedantic -fconst-strings -fdebug-compilation-dir /Users/magickli/Documents/github/LLVM/llvm-project/build/CMakeFiles/CMakeTmp -ferror-limit 19 -fmessage-length 0 -stack-protector 1 -fallow-half-arguments-and-returns -fblocks -fobjc-runtime=macosx-10.9.0 -fencode-extended-block-signature -fsjlj-exceptions -fmax-type-align=16 -fdiagnostics-show-option -o CMakeFiles/cmTC_2f4aa.dir/src.c.o -x c /Users/magickli/Documents/github/llvm/llvm-project/build/CMakeFiles/src.c
clang -cc1 version 8.1.0 (clang-802.0.42) default target x86_64-apple-darwin16.7.0
#include "..." search starts here:
#include <...> search starts here:
 /usr/local/include
 /Library/Developer/CommandLineTools/usr/bin/../lib/clang/8.1.0/include
 /Library/Developer/CommandLineTools/usr/include
 /usr/include
 /System/Library/Frameworks (framework directory)
 /Library/Frameworks (framework directory)
End of search list.
In file included from /Users/magickli/Documents/github/llvm/llvm-project/build/CMakeFiles/src.c:1:
In file included from /usr/include/stdio.h:64:
/usr/include/sys/cdefs.h:761:2: error: Unsupported architecture
#error Unsupported architecture
 ^
In file included from /Users/magickli/Documents/github/llvm/llvm-project/build/CMakeFiles/src.c:1:
In file included from /usr/include/stdio.h:67:
In file included from /usr/include/_types.h:27:
In file included from /usr/include/sys/_types.h:33:
/usr/include/machine/_types.h:34:2: error: architecture not supported
#error architecture not supported
 ^
In file included from /Users/magickli/Documents/github/llvm/llvm-project/build/CMakeFiles/src.c:1:
In file included from /usr/include/stdio.h:67:
In file included from /usr/include/_types.h:27:
/usr/include/sys/_types.h:55:9: error: unknown type name '__int64_t'
typedef __int64_t       __darwin_blkcnt_t;      /* total blocks */
        ^
/usr/include/sys/_types.h:56:9: error: unknown type name '__int32_t'
typedef __int32_t       __darwin_blksize_t;     /* preferred block size */
        ^
/usr/include/sys/_types.h:57:9: error: unknown type name '__int32_t'
typedef __int32_t       __darwin_dev_t;         /* dev_t */
        ^
/usr/include/sys/_types.h:60:9: error: unknown type name '__uint32_t'
typedef __uint32_t      __darwin_gid_t;         /* [???] process and group IDs */
        ^
/usr/include/sys/_types.h:61:9: error: unknown type name '__uint32_t'
typedef __uint32_t      __darwin_id_t;          /* [XSI] pid_t, uid_t, or gid_t*/
        ^
/usr/include/sys/_types.h:62:9: error: unknown type name '__uint64_t'
typedef __uint64_t      __darwin_ino64_t;       /* [???] Used for 64 bit inodes */
        ^
/usr/include/sys/_types.h:68:9: error: unknown type name '__darwin_natural_t'
typedef __darwin_natural_t __darwin_mach_port_name_t; /* Used by mach */
        ^
/usr/include/sys/_types.h:70:9: error: unknown type name '__uint16_t'
typedef __uint16_t      __darwin_mode_t;        /* [???] Some file attributes */
        ^
/usr/include/sys/_types.h:71:9: error: unknown type name '__int64_t'
typedef __int64_t       __darwin_off_t;         /* [???] Used for file sizes */
        ^
/usr/include/sys/_types.h:72:9: error: unknown type name '__int32_t'
typedef __int32_t       __darwin_pid_t;         /* [???] process and group IDs */
        ^
/usr/include/sys/_types.h:73:9: error: unknown type name '__uint32_t'
typedef __uint32_t      __darwin_sigset_t;      /* [???] signal set */
        ^
/usr/include/sys/_types.h:74:9: error: unknown type name '__int32_t'
typedef __int32_t       __darwin_suseconds_t;   /* [???] microseconds */
        ^
/usr/include/sys/_types.h:75:9: error: unknown type name '__uint32_t'
typedef __uint32_t      __darwin_uid_t;         /* [???] user IDs */
        ^
/usr/include/sys/_types.h:76:9: error: unknown type name '__uint32_t'
typedef __uint32_t      __darwin_useconds_t;    /* [???] microseconds */
        ^
In file included from /Users/magickli/Documents/github/llvm/llvm-project/build/CMakeFiles/src.c:1:
In file included from /usr/include/stdio.h:71:
/usr/include/sys/_types/_va_list.h:31:9: error: unknown type name '__darwin_va_list'; did you mean '__builtin_va_list'?
typedef __darwin_va_list va_list;
        ^
note: '__builtin_va_list' declared here
In file included from /Users/magickli/Documents/github/llvm/llvm-project/build/CMakeFiles/src.c:1:
In file included from /usr/include/stdio.h:72:
/usr/include/sys/_types/_size_t.h:30:9: error: unknown type name '__darwin_size_t'; did you mean '__darwin_ino_t'?
typedef __darwin_size_t        size_t; 
        ^
/usr/include/sys/_types.h:64:26: note: '__darwin_ino_t' declared here
typedef __darwin_ino64_t __darwin_ino_t;        /* [???] Used for inodes */
                         ^
In file included from /Users/magickli/Documents/github/llvm/llvm-project/build/CMakeFiles/src.c:1:
In file included from /usr/include/stdio.h:442:
/usr/include/sys/_types/_ssize_t.h:30:9: error: unknown type name '__darwin_ssize_t'
typedef __darwin_ssize_t        ssize_t; 
        ^
19 errors generated.
make[1]: *** [CMakeFiles/cmTC_2f4aa.dir/src.c.o] Error 1
make: *** [cmTC_2f4aa/fast] Error 2

Testing compiler for supporting osx-arm64:
Change Dir: /Users/magickli/Documents/github/llvm/llvm-project/build/CMakeFiles/CMakeTmp

Run Build Command:"/usr/bin/make" "cmTC_8b9f7/fast"
/Library/Developer/CommandLineTools/usr/bin/make -f CMakeFiles/cmTC_8b9f7.dir/build.make CMakeFiles/cmTC_8b9f7.dir/build
Building C object CMakeFiles/cmTC_8b9f7.dir/src.c.o
/Library/Developer/CommandLineTools/usr/bin/cc   -fPIC -Werror=date-time -Wall -W -Wno-unused-parameter -Wwrite-strings -Wmissing-field-initializers -pedantic -Wno-long-long -Wcovered-switch-default -Wdelete-non-virtual-dtor -Wstring-conversion    -v -arch arm64 -stdlib=libc++ -mmacosx-version-min=10.9 -isysroot / -o CMakeFiles/cmTC_8b9f7.dir/src.c.o   -c /Users/magickli/Documents/github/llvm/llvm-project/build/CMakeFiles/src.c
Apple LLVM version 8.1.0 (clang-802.0.42)
Target: aarch64-apple-darwin16.7.0
Thread model: posix
InstalledDir: /Library/Developer/CommandLineTools/usr/bin
 "/Library/Developer/CommandLineTools/usr/bin/clang" -cc1 -triple arm64-apple-macosx10.9.0 -Wdeprecated-objc-isa-usage -Werror=deprecated-objc-isa-usage -emit-obj -mrelax-all -disable-free -disable-llvm-verifier -discard-value-names -main-file-name src.c -mrelocation-model pic -pic-level 2 -mthread-model posix -mdisable-fp-elim -masm-verbose -target-cpu cyclone -target-feature +neon -target-feature +crypto -target-feature +zcm -target-feature +zcz -target-abi darwinpcs -target-linker-version 278.4 -v -dwarf-column-info -debugger-tuning=lldb -coverage-file /Users/magickli/Documents/github/LLVM/llvm-project/build/CMakeFiles/CMakeTmp/CMakeFiles/cmTC_8b9f7.dir/src.c.o -resource-dir /Library/Developer/CommandLineTools/usr/bin/../lib/clang/8.1.0 -isysroot / -Werror=date-time -Wall -W -Wno-unused-parameter -Wwrite-strings -Wmissing-field-initializers -Wno-long-long -Wcovered-switch-default -Wdelete-non-virtual-dtor -Wstring-conversion -pedantic -fconst-strings -fdebug-compilation-dir /Users/magickli/Documents/github/LLVM/llvm-project/build/CMakeFiles/CMakeTmp -ferror-limit 19 -fmessage-length 0 -stack-protector 1 -fallow-half-arguments-and-returns -fblocks -fobjc-runtime=macosx-10.9.0 -fencode-extended-block-signature -fmax-type-align=16 -fdiagnostics-show-option -o CMakeFiles/cmTC_8b9f7.dir/src.c.o -x c /Users/magickli/Documents/github/llvm/llvm-project/build/CMakeFiles/src.c
clang -cc1 version 8.1.0 (clang-802.0.42) default target x86_64-apple-darwin16.7.0
#include "..." search starts here:
#include <...> search starts here:
 /usr/local/include
 /Library/Developer/CommandLineTools/usr/bin/../lib/clang/8.1.0/include
 /Library/Developer/CommandLineTools/usr/include
 /usr/include
 /System/Library/Frameworks (framework directory)
 /Library/Frameworks (framework directory)
End of search list.
In file included from /Users/magickli/Documents/github/llvm/llvm-project/build/CMakeFiles/src.c:1:
In file included from /usr/include/stdio.h:64:
/usr/include/sys/cdefs.h:761:2: error: Unsupported architecture
#error Unsupported architecture
 ^
In file included from /Users/magickli/Documents/github/llvm/llvm-project/build/CMakeFiles/src.c:1:
In file included from /usr/include/stdio.h:67:
In file included from /usr/include/_types.h:27:
In file included from /usr/include/sys/_types.h:33:
/usr/include/machine/_types.h:34:2: error: architecture not supported
#error architecture not supported
 ^
In file included from /Users/magickli/Documents/github/llvm/llvm-project/build/CMakeFiles/src.c:1:
In file included from /usr/include/stdio.h:67:
In file included from /usr/include/_types.h:27:
/usr/include/sys/_types.h:55:9: error: unknown type name '__int64_t'; did you mean '__int128_t'?
typedef __int64_t       __darwin_blkcnt_t;      /* total blocks */
        ^
note: '__int128_t' declared here
/usr/include/sys/_types.h:56:9: error: unknown type name '__int32_t'; did you mean '__int128_t'?
typedef __int32_t       __darwin_blksize_t;     /* preferred block size */
        ^
note: '__int128_t' declared here
/usr/include/sys/_types.h:57:9: error: unknown type name '__int32_t'; did you mean '__int128_t'?
typedef __int32_t       __darwin_dev_t;         /* dev_t */
        ^
note: '__int128_t' declared here
/usr/include/sys/_types.h:60:9: error: unknown type name '__uint32_t'; did you mean '__uint128_t'?
typedef __uint32_t      __darwin_gid_t;         /* [???] process and group IDs */
        ^
note: '__uint128_t' declared here
/usr/include/sys/_types.h:61:9: error: unknown type name '__uint32_t'; did you mean '__uint128_t'?
typedef __uint32_t      __darwin_id_t;          /* [XSI] pid_t, uid_t, or gid_t*/
        ^
note: '__uint128_t' declared here
/usr/include/sys/_types.h:62:9: error: unknown type name '__uint64_t'; did you mean '__uint128_t'?
typedef __uint64_t      __darwin_ino64_t;       /* [???] Used for 64 bit inodes */
        ^
note: '__uint128_t' declared here
/usr/include/sys/_types.h:68:9: error: unknown type name '__darwin_natural_t'
typedef __darwin_natural_t __darwin_mach_port_name_t; /* Used by mach */
        ^
/usr/include/sys/_types.h:70:9: error: unknown type name '__uint16_t'; did you mean '__uint128_t'?
typedef __uint16_t      __darwin_mode_t;        /* [???] Some file attributes */
        ^
note: '__uint128_t' declared here
/usr/include/sys/_types.h:71:9: error: unknown type name '__int64_t'; did you mean '__int128_t'?
typedef __int64_t       __darwin_off_t;         /* [???] Used for file sizes */
        ^
note: '__int128_t' declared here
/usr/include/sys/_types.h:72:9: error: unknown type name '__int32_t'; did you mean '__int128_t'?
typedef __int32_t       __darwin_pid_t;         /* [???] process and group IDs */
        ^
note: '__int128_t' declared here
/usr/include/sys/_types.h:73:9: error: unknown type name '__uint32_t'; did you mean '__uint128_t'?
typedef __uint32_t      __darwin_sigset_t;      /* [???] signal set */
        ^
note: '__uint128_t' declared here
/usr/include/sys/_types.h:74:9: error: unknown type name '__int32_t'; did you mean '__int128_t'?
typedef __int32_t       __darwin_suseconds_t;   /* [???] microseconds */
        ^
note: '__int128_t' declared here
/usr/include/sys/_types.h:75:9: error: unknown type name '__uint32_t'; did you mean '__uint128_t'?
typedef __uint32_t      __darwin_uid_t;         /* [???] user IDs */
        ^
note: '__uint128_t' declared here
/usr/include/sys/_types.h:76:9: error: unknown type name '__uint32_t'; did you mean '__uint128_t'?
typedef __uint32_t      __darwin_useconds_t;    /* [???] microseconds */
        ^
note: '__uint128_t' declared here
In file included from /Users/magickli/Documents/github/llvm/llvm-project/build/CMakeFiles/src.c:1:
In file included from /usr/include/stdio.h:67:
/usr/include/_types.h:42:9: error: unknown type name '__uint32_t'; did you mean '__uint128_t'?
typedef __uint32_t      __darwin_wctype_t;
        ^
note: '__uint128_t' declared here
In file included from /Users/magickli/Documents/github/llvm/llvm-project/build/CMakeFiles/src.c:1:
In file included from /usr/include/stdio.h:71:
/usr/include/sys/_types/_va_list.h:31:9: error: unknown type name '__darwin_va_list'
typedef __darwin_va_list va_list;
        ^
In file included from /Users/magickli/Documents/github/llvm/llvm-project/build/CMakeFiles/src.c:1:
In file included from /usr/include/stdio.h:72:
/usr/include/sys/_types/_size_t.h:30:9: error: unknown type name '__darwin_size_t'
typedef __darwin_size_t        size_t; 
        ^
fatal error: too many errors emitted, stopping now [-ferror-limit=]
20 errors generated.
make[1]: *** [CMakeFiles/cmTC_8b9f7.dir/src.c.o] Error 1
make: *** [cmTC_8b9f7/fast] Error 2

Testing compiler for supporting osx-armv6m:
Change Dir: /Users/magickli/Documents/github/llvm/llvm-project/build/CMakeFiles/CMakeTmp

Run Build Command:"/usr/bin/make" "cmTC_5c3c9/fast"
/Library/Developer/CommandLineTools/usr/bin/make -f CMakeFiles/cmTC_5c3c9.dir/build.make CMakeFiles/cmTC_5c3c9.dir/build
Building C object CMakeFiles/cmTC_5c3c9.dir/src.c.o
/Library/Developer/CommandLineTools/usr/bin/cc   -fPIC -Werror=date-time -Wall -W -Wno-unused-parameter -Wwrite-strings -Wmissing-field-initializers -pedantic -Wno-long-long -Wcovered-switch-default -Wdelete-non-virtual-dtor -Wstring-conversion    -v -arch armv6m -stdlib=libc++ -mmacosx-version-min=10.9 -isysroot / -o CMakeFiles/cmTC_5c3c9.dir/src.c.o   -c /Users/magickli/Documents/github/llvm/llvm-project/build/CMakeFiles/src.c
Apple LLVM version 8.1.0 (clang-802.0.42)
Target: arm-apple-unknown-macho
Thread model: posix
InstalledDir: /Library/Developer/CommandLineTools/usr/bin
clang: warning: argument unused during compilation: '-stdlib=libc++' [-Wunused-command-line-argument]
clang: warning: argument unused during compilation: '-mmacosx-version-min=10.9' [-Wunused-command-line-argument]
 "/Library/Developer/CommandLineTools/usr/bin/clang" -cc1 -triple thumbv6m-apple-unknown-macho -emit-obj -mrelax-all -disable-free -disable-llvm-verifier -discard-value-names -main-file-name src.c -mrelocation-model pic -pic-level 2 -mthread-model posix -mdisable-fp-elim -masm-verbose -mconstructor-aliases -target-cpu cortex-m0 -target-feature +soft-float -target-feature +soft-float-abi -target-feature -neon -target-feature -crypto -target-feature +strict-align -target-abi aapcs -msoft-float -mfloat-abi soft -target-linker-version 278.4 -v -dwarf-column-info -debugger-tuning=gdb -coverage-file /Users/magickli/Documents/github/LLVM/llvm-project/build/CMakeFiles/CMakeTmp/CMakeFiles/cmTC_5c3c9.dir/src.c.o -resource-dir /Library/Developer/CommandLineTools/usr/bin/../lib/clang/8.1.0 -isysroot / -Werror=date-time -Wall -W -Wno-unused-parameter -Wwrite-strings -Wmissing-field-initializers -Wno-long-long -Wcovered-switch-default -Wdelete-non-virtual-dtor -Wstring-conversion -pedantic -fconst-strings -fdebug-compilation-dir /Users/magickli/Documents/github/LLVM/llvm-project/build/CMakeFiles/CMakeTmp -ferror-limit 19 -fmessage-length 0 -fallow-half-arguments-and-returns -fblocks -fno-signed-char -fobjc-runtime=gnustep -fencode-extended-block-signature -fdiagnostics-show-option -o CMakeFiles/cmTC_5c3c9.dir/src.c.o -x c /Users/magickli/Documents/github/llvm/llvm-project/build/CMakeFiles/src.c
clang -cc1 version 8.1.0 (clang-802.0.42) default target x86_64-apple-darwin16.7.0
#include "..." search starts here:
#include <...> search starts here:
 /usr/local/include
 /Library/Developer/CommandLineTools/usr/bin/../lib/clang/8.1.0/include
 /Library/Developer/CommandLineTools/usr/include
 /usr/include
End of search list.
In file included from /Users/magickli/Documents/github/llvm/llvm-project/build/CMakeFiles/src.c:1:
In file included from /usr/include/stdio.h:64:
/usr/include/sys/cdefs.h:761:2: error: Unsupported architecture
#error Unsupported architecture
 ^
In file included from /Users/magickli/Documents/github/llvm/llvm-project/build/CMakeFiles/src.c:1:
In file included from /usr/include/stdio.h:67:
In file included from /usr/include/_types.h:27:
In file included from /usr/include/sys/_types.h:33:
/usr/include/machine/_types.h:34:2: error: architecture not supported
#error architecture not supported
 ^
In file included from /Users/magickli/Documents/github/llvm/llvm-project/build/CMakeFiles/src.c:1:
In file included from /usr/include/stdio.h:67:
In file included from /usr/include/_types.h:27:
/usr/include/sys/_types.h:55:9: error: unknown type name '__int64_t'
typedef __int64_t       __darwin_blkcnt_t;      /* total blocks */
        ^
/usr/include/sys/_types.h:56:9: error: unknown type name '__int32_t'
typedef __int32_t       __darwin_blksize_t;     /* preferred block size */
        ^
/usr/include/sys/_types.h:57:9: error: unknown type name '__int32_t'
typedef __int32_t       __darwin_dev_t;         /* dev_t */
        ^
/usr/include/sys/_types.h:60:9: error: unknown type name '__uint32_t'
typedef __uint32_t      __darwin_gid_t;         /* [???] process and group IDs */
        ^
/usr/include/sys/_types.h:61:9: error: unknown type name '__uint32_t'
typedef __uint32_t      __darwin_id_t;          /* [XSI] pid_t, uid_t, or gid_t*/
        ^
/usr/include/sys/_types.h:62:9: error: unknown type name '__uint64_t'
typedef __uint64_t      __darwin_ino64_t;       /* [???] Used for 64 bit inodes */
        ^
/usr/include/sys/_types.h:68:9: error: unknown type name '__darwin_natural_t'
typedef __darwin_natural_t __darwin_mach_port_name_t; /* Used by mach */
        ^
/usr/include/sys/_types.h:70:9: error: unknown type name '__uint16_t'
typedef __uint16_t      __darwin_mode_t;        /* [???] Some file attributes */
        ^
/usr/include/sys/_types.h:71:9: error: unknown type name '__int64_t'
typedef __int64_t       __darwin_off_t;         /* [???] Used for file sizes */
        ^
/usr/include/sys/_types.h:72:9: error: unknown type name '__int32_t'
typedef __int32_t       __darwin_pid_t;         /* [???] process and group IDs */
        ^
/usr/include/sys/_types.h:73:9: error: unknown type name '__uint32_t'
typedef __uint32_t      __darwin_sigset_t;      /* [???] signal set */
        ^
/usr/include/sys/_types.h:74:9: error: unknown type name '__int32_t'
typedef __int32_t       __darwin_suseconds_t;   /* [???] microseconds */
        ^
/usr/include/sys/_types.h:75:9: error: unknown type name '__uint32_t'
typedef __uint32_t      __darwin_uid_t;         /* [???] user IDs */
        ^
/usr/include/sys/_types.h:76:9: error: unknown type name '__uint32_t'
typedef __uint32_t      __darwin_useconds_t;    /* [???] microseconds */
        ^
In file included from /Users/magickli/Documents/github/llvm/llvm-project/build/CMakeFiles/src.c:1:
In file included from /usr/include/stdio.h:71:
/usr/include/sys/_types/_va_list.h:31:9: error: unknown type name '__darwin_va_list'; did you mean '__builtin_va_list'?
typedef __darwin_va_list va_list;
        ^
note: '__builtin_va_list' declared here
In file included from /Users/magickli/Documents/github/llvm/llvm-project/build/CMakeFiles/src.c:1:
In file included from /usr/include/stdio.h:72:
/usr/include/sys/_types/_size_t.h:30:9: error: unknown type name '__darwin_size_t'; did you mean '__darwin_ino_t'?
typedef __darwin_size_t        size_t; 
        ^
/usr/include/sys/_types.h:64:26: note: '__darwin_ino_t' declared here
typedef __darwin_ino64_t __darwin_ino_t;        /* [???] Used for inodes */
                         ^
In file included from /Users/magickli/Documents/github/llvm/llvm-project/build/CMakeFiles/src.c:1:
In file included from /usr/include/stdio.h:442:
/usr/include/sys/_types/_ssize_t.h:30:9: error: unknown type name '__darwin_ssize_t'
typedef __darwin_ssize_t        ssize_t; 
        ^
19 errors generated.
make[1]: *** [CMakeFiles/cmTC_5c3c9.dir/src.c.o] Error 1
make: *** [cmTC_5c3c9/fast] Error 2

Testing compiler for supporting osx-armv7k:
Change Dir: /Users/magickli/Documents/github/llvm/llvm-project/build/CMakeFiles/CMakeTmp

Run Build Command:"/usr/bin/make" "cmTC_9695c/fast"
/Library/Developer/CommandLineTools/usr/bin/make -f CMakeFiles/cmTC_9695c.dir/build.make CMakeFiles/cmTC_9695c.dir/build
Building C object CMakeFiles/cmTC_9695c.dir/src.c.o
/Library/Developer/CommandLineTools/usr/bin/cc   -fPIC -Werror=date-time -Wall -W -Wno-unused-parameter -Wwrite-strings -Wmissing-field-initializers -pedantic -Wno-long-long -Wcovered-switch-default -Wdelete-non-virtual-dtor -Wstring-conversion    -v -arch armv7k -stdlib=libc++ -mmacosx-version-min=10.9 -isysroot / -o CMakeFiles/cmTC_9695c.dir/src.c.o   -c /Users/magickli/Documents/github/llvm/llvm-project/build/CMakeFiles/src.c
Apple LLVM version 8.1.0 (clang-802.0.42)
Target: arm-apple-darwin16.7.0
Thread model: posix
InstalledDir: /Library/Developer/CommandLineTools/usr/bin
 "/Library/Developer/CommandLineTools/usr/bin/clang" -cc1 -triple thumbv7k-apple-macosx10.9.0 -emit-obj -mrelax-all -disable-free -disable-llvm-verifier -discard-value-names -main-file-name src.c -mrelocation-model pic -pic-level 2 -mthread-model posix -mdisable-fp-elim -masm-verbose -target-cpu cortex-a7 -target-abi aapcs16 -mfloat-abi hard -target-linker-version 278.4 -v -dwarf-column-info -debugger-tuning=lldb -coverage-file /Users/magickli/Documents/github/LLVM/llvm-project/build/CMakeFiles/CMakeTmp/CMakeFiles/cmTC_9695c.dir/src.c.o -resource-dir /Library/Developer/CommandLineTools/usr/bin/../lib/clang/8.1.0 -isysroot / -Werror=date-time -Wall -W -Wno-unused-parameter -Wwrite-strings -Wmissing-field-initializers -Wno-long-long -Wcovered-switch-default -Wdelete-non-virtual-dtor -Wstring-conversion -pedantic -fconst-strings -fdebug-compilation-dir /Users/magickli/Documents/github/LLVM/llvm-project/build/CMakeFiles/CMakeTmp -ferror-limit 19 -fmessage-length 0 -stack-protector 1 -fallow-half-arguments-and-returns -fblocks -fobjc-runtime=macosx-10.9.0 -fencode-extended-block-signature -fmax-type-align=16 -fdiagnostics-show-option -o CMakeFiles/cmTC_9695c.dir/src.c.o -x c /Users/magickli/Documents/github/llvm/llvm-project/build/CMakeFiles/src.c
clang -cc1 version 8.1.0 (clang-802.0.42) default target x86_64-apple-darwin16.7.0
#include "..." search starts here:
#include <...> search starts here:
 /usr/local/include
 /Library/Developer/CommandLineTools/usr/bin/../lib/clang/8.1.0/include
 /Library/Developer/CommandLineTools/usr/include
 /usr/include
 /System/Library/Frameworks (framework directory)
 /Library/Frameworks (framework directory)
End of search list.
In file included from /Users/magickli/Documents/github/llvm/llvm-project/build/CMakeFiles/src.c:1:
In file included from /usr/include/stdio.h:64:
/usr/include/sys/cdefs.h:761:2: error: Unsupported architecture
#error Unsupported architecture
 ^
In file included from /Users/magickli/Documents/github/llvm/llvm-project/build/CMakeFiles/src.c:1:
In file included from /usr/include/stdio.h:67:
In file included from /usr/include/_types.h:27:
In file included from /usr/include/sys/_types.h:33:
/usr/include/machine/_types.h:34:2: error: architecture not supported
#error architecture not supported
 ^
In file included from /Users/magickli/Documents/github/llvm/llvm-project/build/CMakeFiles/src.c:1:
In file included from /usr/include/stdio.h:67:
In file included from /usr/include/_types.h:27:
/usr/include/sys/_types.h:55:9: error: unknown type name '__int64_t'
typedef __int64_t       __darwin_blkcnt_t;      /* total blocks */
        ^
/usr/include/sys/_types.h:56:9: error: unknown type name '__int32_t'
typedef __int32_t       __darwin_blksize_t;     /* preferred block size */
        ^
/usr/include/sys/_types.h:57:9: error: unknown type name '__int32_t'
typedef __int32_t       __darwin_dev_t;         /* dev_t */
        ^
/usr/include/sys/_types.h:60:9: error: unknown type name '__uint32_t'
typedef __uint32_t      __darwin_gid_t;         /* [???] process and group IDs */
        ^
/usr/include/sys/_types.h:61:9: error: unknown type name '__uint32_t'
typedef __uint32_t      __darwin_id_t;          /* [XSI] pid_t, uid_t, or gid_t*/
        ^
/usr/include/sys/_types.h:62:9: error: unknown type name '__uint64_t'
typedef __uint64_t      __darwin_ino64_t;       /* [???] Used for 64 bit inodes */
        ^
/usr/include/sys/_types.h:68:9: error: unknown type name '__darwin_natural_t'
typedef __darwin_natural_t __darwin_mach_port_name_t; /* Used by mach */
        ^
/usr/include/sys/_types.h:70:9: error: unknown type name '__uint16_t'
typedef __uint16_t      __darwin_mode_t;        /* [???] Some file attributes */
        ^
/usr/include/sys/_types.h:71:9: error: unknown type name '__int64_t'
typedef __int64_t       __darwin_off_t;         /* [???] Used for file sizes */
        ^
/usr/include/sys/_types.h:72:9: error: unknown type name '__int32_t'
typedef __int32_t       __darwin_pid_t;         /* [???] process and group IDs */
        ^
/usr/include/sys/_types.h:73:9: error: unknown type name '__uint32_t'
typedef __uint32_t      __darwin_sigset_t;      /* [???] signal set */
        ^
/usr/include/sys/_types.h:74:9: error: unknown type name '__int32_t'
typedef __int32_t       __darwin_suseconds_t;   /* [???] microseconds */
        ^
/usr/include/sys/_types.h:75:9: error: unknown type name '__uint32_t'
typedef __uint32_t      __darwin_uid_t;         /* [???] user IDs */
        ^
/usr/include/sys/_types.h:76:9: error: unknown type name '__uint32_t'
typedef __uint32_t      __darwin_useconds_t;    /* [???] microseconds */
        ^
In file included from /Users/magickli/Documents/github/llvm/llvm-project/build/CMakeFiles/src.c:1:
In file included from /usr/include/stdio.h:71:
/usr/include/sys/_types/_va_list.h:31:9: error: unknown type name '__darwin_va_list'; did you mean '__builtin_va_list'?
typedef __darwin_va_list va_list;
        ^
note: '__builtin_va_list' declared here
In file included from /Users/magickli/Documents/github/llvm/llvm-project/build/CMakeFiles/src.c:1:
In file included from /usr/include/stdio.h:72:
/usr/include/sys/_types/_size_t.h:30:9: error: unknown type name '__darwin_size_t'; did you mean '__darwin_ino_t'?
typedef __darwin_size_t        size_t; 
        ^
/usr/include/sys/_types.h:64:26: note: '__darwin_ino_t' declared here
typedef __darwin_ino64_t __darwin_ino_t;        /* [???] Used for inodes */
                         ^
In file included from /Users/magickli/Documents/github/llvm/llvm-project/build/CMakeFiles/src.c:1:
In file included from /usr/include/stdio.h:442:
/usr/include/sys/_types/_ssize_t.h:30:9: error: unknown type name '__darwin_ssize_t'
typedef __darwin_ssize_t        ssize_t; 
        ^
19 errors generated.
make[1]: *** [CMakeFiles/cmTC_9695c.dir/src.c.o] Error 1
make: *** [cmTC_9695c/fast] Error 2

Testing compiler for supporting osx-armv7m:
Change Dir: /Users/magickli/Documents/github/llvm/llvm-project/build/CMakeFiles/CMakeTmp

Run Build Command:"/usr/bin/make" "cmTC_6b1e2/fast"
/Library/Developer/CommandLineTools/usr/bin/make -f CMakeFiles/cmTC_6b1e2.dir/build.make CMakeFiles/cmTC_6b1e2.dir/build
Building C object CMakeFiles/cmTC_6b1e2.dir/src.c.o
/Library/Developer/CommandLineTools/usr/bin/cc   -fPIC -Werror=date-time -Wall -W -Wno-unused-parameter -Wwrite-strings -Wmissing-field-initializers -pedantic -Wno-long-long -Wcovered-switch-default -Wdelete-non-virtual-dtor -Wstring-conversion    -v -arch armv7m -stdlib=libc++ -mmacosx-version-min=10.9 -isysroot / -o CMakeFiles/cmTC_6b1e2.dir/src.c.o   -c /Users/magickli/Documents/github/llvm/llvm-project/build/CMakeFiles/src.c
Apple LLVM version 8.1.0 (clang-802.0.42)
Target: arm-apple-unknown-macho
Thread model: posix
InstalledDir: /Library/Developer/CommandLineTools/usr/bin
clang: warning: argument unused during compilation: '-stdlib=libc++' [-Wunused-command-line-argument]
clang: warning: argument unused during compilation: '-mmacosx-version-min=10.9' [-Wunused-command-line-argument]
 "/Library/Developer/CommandLineTools/usr/bin/clang" -cc1 -triple thumbv7m-apple-unknown-macho -emit-obj -mrelax-all -disable-free -disable-llvm-verifier -discard-value-names -main-file-name src.c -mrelocation-model pic -pic-level 2 -mthread-model posix -mdisable-fp-elim -masm-verbose -mconstructor-aliases -target-cpu cortex-m3 -target-feature +soft-float -target-feature +soft-float-abi -target-feature -neon -target-feature -crypto -target-feature +strict-align -target-abi aapcs -msoft-float -mfloat-abi soft -target-linker-version 278.4 -v -dwarf-column-info -debugger-tuning=gdb -coverage-file /Users/magickli/Documents/github/LLVM/llvm-project/build/CMakeFiles/CMakeTmp/CMakeFiles/cmTC_6b1e2.dir/src.c.o -resource-dir /Library/Developer/CommandLineTools/usr/bin/../lib/clang/8.1.0 -isysroot / -Werror=date-time -Wall -W -Wno-unused-parameter -Wwrite-strings -Wmissing-field-initializers -Wno-long-long -Wcovered-switch-default -Wdelete-non-virtual-dtor -Wstring-conversion -pedantic -fconst-strings -fdebug-compilation-dir /Users/magickli/Documents/github/LLVM/llvm-project/build/CMakeFiles/CMakeTmp -ferror-limit 19 -fmessage-length 0 -fallow-half-arguments-and-returns -fblocks -fno-signed-char -fobjc-runtime=gnustep -fencode-extended-block-signature -fdiagnostics-show-option -o CMakeFiles/cmTC_6b1e2.dir/src.c.o -x c /Users/magickli/Documents/github/llvm/llvm-project/build/CMakeFiles/src.c
clang -cc1 version 8.1.0 (clang-802.0.42) default target x86_64-apple-darwin16.7.0
#include "..." search starts here:
#include <...> search starts here:
 /usr/local/include
 /Library/Developer/CommandLineTools/usr/bin/../lib/clang/8.1.0/include
 /Library/Developer/CommandLineTools/usr/include
 /usr/include
End of search list.
In file included from /Users/magickli/Documents/github/llvm/llvm-project/build/CMakeFiles/src.c:1:
In file included from /usr/include/stdio.h:64:
/usr/include/sys/cdefs.h:761:2: error: Unsupported architecture
#error Unsupported architecture
 ^
In file included from /Users/magickli/Documents/github/llvm/llvm-project/build/CMakeFiles/src.c:1:
In file included from /usr/include/stdio.h:67:
In file included from /usr/include/_types.h:27:
In file included from /usr/include/sys/_types.h:33:
/usr/include/machine/_types.h:34:2: error: architecture not supported
#error architecture not supported
 ^
In file included from /Users/magickli/Documents/github/llvm/llvm-project/build/CMakeFiles/src.c:1:
In file included from /usr/include/stdio.h:67:
In file included from /usr/include/_types.h:27:
/usr/include/sys/_types.h:55:9: error: unknown type name '__int64_t'
typedef __int64_t       __darwin_blkcnt_t;      /* total blocks */
        ^
/usr/include/sys/_types.h:56:9: error: unknown type name '__int32_t'
typedef __int32_t       __darwin_blksize_t;     /* preferred block size */
        ^
/usr/include/sys/_types.h:57:9: error: unknown type name '__int32_t'
typedef __int32_t       __darwin_dev_t;         /* dev_t */
        ^
/usr/include/sys/_types.h:60:9: error: unknown type name '__uint32_t'
typedef __uint32_t      __darwin_gid_t;         /* [???] process and group IDs */
        ^
/usr/include/sys/_types.h:61:9: error: unknown type name '__uint32_t'
typedef __uint32_t      __darwin_id_t;          /* [XSI] pid_t, uid_t, or gid_t*/
        ^
/usr/include/sys/_types.h:62:9: error: unknown type name '__uint64_t'
typedef __uint64_t      __darwin_ino64_t;       /* [???] Used for 64 bit inodes */
        ^
/usr/include/sys/_types.h:68:9: error: unknown type name '__darwin_natural_t'
typedef __darwin_natural_t __darwin_mach_port_name_t; /* Used by mach */
        ^
/usr/include/sys/_types.h:70:9: error: unknown type name '__uint16_t'
typedef __uint16_t      __darwin_mode_t;        /* [???] Some file attributes */
        ^
/usr/include/sys/_types.h:71:9: error: unknown type name '__int64_t'
typedef __int64_t       __darwin_off_t;         /* [???] Used for file sizes */
        ^
/usr/include/sys/_types.h:72:9: error: unknown type name '__int32_t'
typedef __int32_t       __darwin_pid_t;         /* [???] process and group IDs */
        ^
/usr/include/sys/_types.h:73:9: error: unknown type name '__uint32_t'
typedef __uint32_t      __darwin_sigset_t;      /* [???] signal set */
        ^
/usr/include/sys/_types.h:74:9: error: unknown type name '__int32_t'
typedef __int32_t       __darwin_suseconds_t;   /* [???] microseconds */
        ^
/usr/include/sys/_types.h:75:9: error: unknown type name '__uint32_t'
typedef __uint32_t      __darwin_uid_t;         /* [???] user IDs */
        ^
/usr/include/sys/_types.h:76:9: error: unknown type name '__uint32_t'
typedef __uint32_t      __darwin_useconds_t;    /* [???] microseconds */
        ^
In file included from /Users/magickli/Documents/github/llvm/llvm-project/build/CMakeFiles/src.c:1:
In file included from /usr/include/stdio.h:71:
/usr/include/sys/_types/_va_list.h:31:9: error: unknown type name '__darwin_va_list'; did you mean '__builtin_va_list'?
typedef __darwin_va_list va_list;
        ^
note: '__builtin_va_list' declared here
In file included from /Users/magickli/Documents/github/llvm/llvm-project/build/CMakeFiles/src.c:1:
In file included from /usr/include/stdio.h:72:
/usr/include/sys/_types/_size_t.h:30:9: error: unknown type name '__darwin_size_t'; did you mean '__darwin_ino_t'?
typedef __darwin_size_t        size_t; 
        ^
/usr/include/sys/_types.h:64:26: note: '__darwin_ino_t' declared here
typedef __darwin_ino64_t __darwin_ino_t;        /* [???] Used for inodes */
                         ^
In file included from /Users/magickli/Documents/github/llvm/llvm-project/build/CMakeFiles/src.c:1:
In file included from /usr/include/stdio.h:442:
/usr/include/sys/_types/_ssize_t.h:30:9: error: unknown type name '__darwin_ssize_t'
typedef __darwin_ssize_t        ssize_t; 
        ^
19 errors generated.
make[1]: *** [CMakeFiles/cmTC_6b1e2.dir/src.c.o] Error 1
make: *** [cmTC_6b1e2/fast] Error 2

Testing compiler for supporting osx-armv7em:
Change Dir: /Users/magickli/Documents/github/llvm/llvm-project/build/CMakeFiles/CMakeTmp

Run Build Command:"/usr/bin/make" "cmTC_b3126/fast"
/Library/Developer/CommandLineTools/usr/bin/make -f CMakeFiles/cmTC_b3126.dir/build.make CMakeFiles/cmTC_b3126.dir/build
Building C object CMakeFiles/cmTC_b3126.dir/src.c.o
/Library/Developer/CommandLineTools/usr/bin/cc   -fPIC -Werror=date-time -Wall -W -Wno-unused-parameter -Wwrite-strings -Wmissing-field-initializers -pedantic -Wno-long-long -Wcovered-switch-default -Wdelete-non-virtual-dtor -Wstring-conversion    -v -arch armv7em -stdlib=libc++ -mmacosx-version-min=10.9 -isysroot / -o CMakeFiles/cmTC_b3126.dir/src.c.o   -c /Users/magickli/Documents/github/llvm/llvm-project/build/CMakeFiles/src.c
Apple LLVM version 8.1.0 (clang-802.0.42)
Target: arm-apple-unknown-macho
Thread model: posix
InstalledDir: /Library/Developer/CommandLineTools/usr/bin
clang: warning: argument unused during compilation: '-stdlib=libc++' [-Wunused-command-line-argument]
clang: warning: argument unused during compilation: '-mmacosx-version-min=10.9' [-Wunused-command-line-argument]
 "/Library/Developer/CommandLineTools/usr/bin/clang" -cc1 -triple thumbv7em-apple-unknown-macho -emit-obj -mrelax-all -disable-free -disable-llvm-verifier -discard-value-names -main-file-name src.c -mrelocation-model pic -pic-level 2 -mthread-model posix -mdisable-fp-elim -masm-verbose -mconstructor-aliases -target-cpu cortex-m4 -target-feature +strict-align -target-abi aapcs -mfloat-abi hard -target-linker-version 278.4 -v -dwarf-column-info -debugger-tuning=gdb -coverage-file /Users/magickli/Documents/github/LLVM/llvm-project/build/CMakeFiles/CMakeTmp/CMakeFiles/cmTC_b3126.dir/src.c.o -resource-dir /Library/Developer/CommandLineTools/usr/bin/../lib/clang/8.1.0 -isysroot / -Werror=date-time -Wall -W -Wno-unused-parameter -Wwrite-strings -Wmissing-field-initializers -Wno-long-long -Wcovered-switch-default -Wdelete-non-virtual-dtor -Wstring-conversion -pedantic -fconst-strings -fdebug-compilation-dir /Users/magickli/Documents/github/LLVM/llvm-project/build/CMakeFiles/CMakeTmp -ferror-limit 19 -fmessage-length 0 -fallow-half-arguments-and-returns -fblocks -fno-signed-char -fobjc-runtime=gnustep -fencode-extended-block-signature -fdiagnostics-show-option -o CMakeFiles/cmTC_b3126.dir/src.c.o -x c /Users/magickli/Documents/github/llvm/llvm-project/build/CMakeFiles/src.c
clang -cc1 version 8.1.0 (clang-802.0.42) default target x86_64-apple-darwin16.7.0
#include "..." search starts here:
#include <...> search starts here:
 /usr/local/include
 /Library/Developer/CommandLineTools/usr/bin/../lib/clang/8.1.0/include
 /Library/Developer/CommandLineTools/usr/include
 /usr/include
End of search list.
In file included from /Users/magickli/Documents/github/llvm/llvm-project/build/CMakeFiles/src.c:1:
In file included from /usr/include/stdio.h:64:
/usr/include/sys/cdefs.h:761:2: error: Unsupported architecture
#error Unsupported architecture
 ^
In file included from /Users/magickli/Documents/github/llvm/llvm-project/build/CMakeFiles/src.c:1:
In file included from /usr/include/stdio.h:67:
In file included from /usr/include/_types.h:27:
In file included from /usr/include/sys/_types.h:33:
/usr/include/machine/_types.h:34:2: error: architecture not supported
#error architecture not supported
 ^
In file included from /Users/magickli/Documents/github/llvm/llvm-project/build/CMakeFiles/src.c:1:
In file included from /usr/include/stdio.h:67:
In file included from /usr/include/_types.h:27:
/usr/include/sys/_types.h:55:9: error: unknown type name '__int64_t'
typedef __int64_t       __darwin_blkcnt_t;      /* total blocks */
        ^
/usr/include/sys/_types.h:56:9: error: unknown type name '__int32_t'
typedef __int32_t       __darwin_blksize_t;     /* preferred block size */
        ^
/usr/include/sys/_types.h:57:9: error: unknown type name '__int32_t'
typedef __int32_t       __darwin_dev_t;         /* dev_t */
        ^
/usr/include/sys/_types.h:60:9: error: unknown type name '__uint32_t'
typedef __uint32_t      __darwin_gid_t;         /* [???] process and group IDs */
        ^
/usr/include/sys/_types.h:61:9: error: unknown type name '__uint32_t'
typedef __uint32_t      __darwin_id_t;          /* [XSI] pid_t, uid_t, or gid_t*/
        ^
/usr/include/sys/_types.h:62:9: error: unknown type name '__uint64_t'
typedef __uint64_t      __darwin_ino64_t;       /* [???] Used for 64 bit inodes */
        ^
/usr/include/sys/_types.h:68:9: error: unknown type name '__darwin_natural_t'
typedef __darwin_natural_t __darwin_mach_port_name_t; /* Used by mach */
        ^
/usr/include/sys/_types.h:70:9: error: unknown type name '__uint16_t'
typedef __uint16_t      __darwin_mode_t;        /* [???] Some file attributes */
        ^
/usr/include/sys/_types.h:71:9: error: unknown type name '__int64_t'
typedef __int64_t       __darwin_off_t;         /* [???] Used for file sizes */
        ^
/usr/include/sys/_types.h:72:9: error: unknown type name '__int32_t'
typedef __int32_t       __darwin_pid_t;         /* [???] process and group IDs */
        ^
/usr/include/sys/_types.h:73:9: error: unknown type name '__uint32_t'
typedef __uint32_t      __darwin_sigset_t;      /* [???] signal set */
        ^
/usr/include/sys/_types.h:74:9: error: unknown type name '__int32_t'
typedef __int32_t       __darwin_suseconds_t;   /* [???] microseconds */
        ^
/usr/include/sys/_types.h:75:9: error: unknown type name '__uint32_t'
typedef __uint32_t      __darwin_uid_t;         /* [???] user IDs */
        ^
/usr/include/sys/_types.h:76:9: error: unknown type name '__uint32_t'
typedef __uint32_t      __darwin_useconds_t;    /* [???] microseconds */
        ^
In file included from /Users/magickli/Documents/github/llvm/llvm-project/build/CMakeFiles/src.c:1:
In file included from /usr/include/stdio.h:71:
/usr/include/sys/_types/_va_list.h:31:9: error: unknown type name '__darwin_va_list'; did you mean '__builtin_va_list'?
typedef __darwin_va_list va_list;
        ^
note: '__builtin_va_list' declared here
In file included from /Users/magickli/Documents/github/llvm/llvm-project/build/CMakeFiles/src.c:1:
In file included from /usr/include/stdio.h:72:
/usr/include/sys/_types/_size_t.h:30:9: error: unknown type name '__darwin_size_t'; did you mean '__darwin_ino_t'?
typedef __darwin_size_t        size_t; 
        ^
/usr/include/sys/_types.h:64:26: note: '__darwin_ino_t' declared here
typedef __darwin_ino64_t __darwin_ino_t;        /* [???] Used for inodes */
                         ^
In file included from /Users/magickli/Documents/github/llvm/llvm-project/build/CMakeFiles/src.c:1:
In file included from /usr/include/stdio.h:442:
/usr/include/sys/_types/_ssize_t.h:30:9: error: unknown type name '__darwin_ssize_t'
typedef __darwin_ssize_t        ssize_t; 
        ^
19 errors generated.
make[1]: *** [CMakeFiles/cmTC_b3126.dir/src.c.o] Error 1
make: *** [cmTC_b3126/fast] Error 2

Testing compiler for supporting osx-(tvOS):
Change Dir: /Users/magickli/Documents/github/llvm/llvm-project/build/CMakeFiles/CMakeTmp

Run Build Command:"/usr/bin/make" "cmTC_8bd18/fast"
/Library/Developer/CommandLineTools/usr/bin/make -f CMakeFiles/cmTC_8bd18.dir/build.make CMakeFiles/cmTC_8bd18.dir/build
Building C object CMakeFiles/cmTC_8bd18.dir/src.c.o
/Library/Developer/CommandLineTools/usr/bin/cc   -fPIC -Werror=date-time -Wall -W -Wno-unused-parameter -Wwrite-strings -Wmissing-field-initializers -pedantic -Wno-long-long -Wcovered-switch-default -Wdelete-non-virtual-dtor -Wstring-conversion    -v -arch ( tvOS ) -stdlib=libc++ -mmacosx-version-min=10.9 -isysroot / -o CMakeFiles/cmTC_8bd18.dir/src.c.o   -c /Users/magickli/Documents/github/llvm/llvm-project/build/CMakeFiles/src.c
/bin/sh: -c: line 0: syntax error near unexpected token `('
/bin/sh: -c: line 0: `/Library/Developer/CommandLineTools/usr/bin/cc   -fPIC -Werror=date-time -Wall -W -Wno-unused-parameter -Wwrite-strings -Wmissing-field-initializers -pedantic -Wno-long-long -Wcovered-switch-default -Wdelete-non-virtual-dtor -Wstring-conversion    -v -arch ( tvOS ) -stdlib=libc++ -mmacosx-version-min=10.9 -isysroot / -o CMakeFiles/cmTC_8bd18.dir/src.c.o   -c /Users/magickli/Documents/github/llvm/llvm-project/build/CMakeFiles/src.c'
make[1]: *** [CMakeFiles/cmTC_8bd18.dir/src.c.o] Error 2
make: *** [cmTC_8bd18/fast] Error 2

Determining if the include file rpc/xdr.h exists failed with the following output:
Change Dir: /Users/magickli/Documents/github/llvm/llvm-project/build/CMakeFiles/CMakeTmp

Run Build Command:"/usr/bin/make" "cmTC_ae01c/fast"
/Library/Developer/CommandLineTools/usr/bin/make -f CMakeFiles/cmTC_ae01c.dir/build.make CMakeFiles/cmTC_ae01c.dir/build
Building C object CMakeFiles/cmTC_ae01c.dir/CheckIncludeFile.c.o
/Library/Developer/CommandLineTools/usr/bin/cc   -fPIC -Werror=date-time -Wall -W -Wno-unused-parameter -Wwrite-strings -Wmissing-field-initializers -pedantic -Wno-long-long -Wcovered-switch-default -Wdelete-non-virtual-dtor -Wstring-conversion -Wall -Wno-unused-parameter  -nodefaultlibs   -o CMakeFiles/cmTC_ae01c.dir/CheckIncludeFile.c.o   -c /Users/magickli/Documents/github/llvm/llvm-project/build/CMakeFiles/CMakeTmp/CheckIncludeFile.c
In file included from /Users/magickli/Documents/github/llvm/llvm-project/build/CMakeFiles/CMakeTmp/CheckIncludeFile.c:1:
/usr/include/rpc/xdr.h:126:3: error: type name requires a specifier or qualifier
                bool_t  (*x_getlong)(struct __rpc_xdr *, int *);
                ^
/usr/include/rpc/xdr.h:126:10: error: function cannot return function type 'int (struct __rpc_xdr *, int *)'
                bool_t  (*x_getlong)(struct __rpc_xdr *, int *);
                        ^
/usr/include/rpc/xdr.h:128:3: error: type name requires a specifier or qualifier
                bool_t  (*x_putlong)(struct __rpc_xdr *, const int *);
                ^
/usr/include/rpc/xdr.h:128:10: error: function cannot return function type 'int (struct __rpc_xdr *, const int *)'
                bool_t  (*x_putlong)(struct __rpc_xdr *, const int *);
                        ^
/usr/include/rpc/xdr.h:128:3: error: duplicate member 'bool_t'
                bool_t  (*x_putlong)(struct __rpc_xdr *, const int *);
                ^
/usr/include/rpc/xdr.h:126:3: note: previous declaration is here
                bool_t  (*x_getlong)(struct __rpc_xdr *, int *);
                ^
/usr/include/rpc/xdr.h:136:3: error: type name requires a specifier or qualifier
                bool_t  (*x_getbytes)(struct __rpc_xdr *, char *, unsigned int);
                ^
/usr/include/rpc/xdr.h:136:10: error: function cannot return function type 'int (struct __rpc_xdr *, char *, unsigned int)'
                bool_t  (*x_getbytes)(struct __rpc_xdr *, char *, unsigned int);
                        ^
/usr/include/rpc/xdr.h:136:3: error: duplicate member 'bool_t'
                bool_t  (*x_getbytes)(struct __rpc_xdr *, char *, unsigned int);
                ^
/usr/include/rpc/xdr.h:126:3: note: previous declaration is here
                bool_t  (*x_getlong)(struct __rpc_xdr *, int *);
                ^
/usr/include/rpc/xdr.h:138:3: error: type name requires a specifier or qualifier
                bool_t  (*x_putbytes)(struct __rpc_xdr *, const char *, unsigned int);
                ^
/usr/include/rpc/xdr.h:138:10: error: function cannot return function type 'int (struct __rpc_xdr *, const char *, unsigned int)'
                bool_t  (*x_putbytes)(struct __rpc_xdr *, const char *, unsigned int);
                        ^
/usr/include/rpc/xdr.h:138:3: error: duplicate member 'bool_t'
                bool_t  (*x_putbytes)(struct __rpc_xdr *, const char *, unsigned int);
                ^
/usr/include/rpc/xdr.h:126:3: note: previous declaration is here
                bool_t  (*x_getlong)(struct __rpc_xdr *, int *);
                ^
/usr/include/rpc/xdr.h:142:3: error: type name requires a specifier or qualifier
                bool_t  (*x_setpostn)(struct __rpc_xdr *, unsigned int);
                ^
/usr/include/rpc/xdr.h:142:11: error: function cannot return function type 'int (struct __rpc_xdr *, unsigned int)'
                bool_t  (*x_setpostn)(struct __rpc_xdr *, unsigned int);
                        ^
/usr/include/rpc/xdr.h:142:3: error: duplicate member 'bool_t'
                bool_t  (*x_setpostn)(struct __rpc_xdr *, unsigned int);
                ^
/usr/include/rpc/xdr.h:126:3: note: previous declaration is here
                bool_t  (*x_getlong)(struct __rpc_xdr *, int *);
                ^
/usr/include/rpc/xdr.h:144:3: error: unknown type name 'int32_t'
                int32_t *(*x_inline)(struct __rpc_xdr *, unsigned int);
                ^
/usr/include/rpc/xdr.h:147:3: error: type name requires a specifier or qualifier
                bool_t  (*x_control)(struct __rpc_xdr *, int, void *);
                ^
/usr/include/rpc/xdr.h:147:10: error: function cannot return function type 'int (struct __rpc_xdr *, int, void *)'
                bool_t  (*x_control)(struct __rpc_xdr *, int, void *);
                        ^
/usr/include/rpc/xdr.h:147:3: error: duplicate member 'bool_t'
                bool_t  (*x_control)(struct __rpc_xdr *, int, void *);
                ^
/usr/include/rpc/xdr.h:126:3: note: previous declaration is here
                bool_t  (*x_getlong)(struct __rpc_xdr *, int *);
                ^
/usr/include/rpc/xdr.h:191:16: error: function cannot return function type 'int (XDR *, void *, unsigned int)' (aka 'int (struct __rpc_xdr *, void *, unsigned int)')
typedef bool_t (*xdrproc_t)(XDR *, void *, unsigned int);
               ^
fatal error: too many errors emitted, stopping now [-ferror-limit=]
20 errors generated.
make[1]: *** [CMakeFiles/cmTC_ae01c.dir/CheckIncludeFile.c.o] Error 1
make: *** [cmTC_ae01c/fast] Error 2


Determining if the include file tirpc/rpc/xdr.h exists failed with the following output:
Change Dir: /Users/magickli/Documents/github/llvm/llvm-project/build/CMakeFiles/CMakeTmp

Run Build Command:"/usr/bin/make" "cmTC_02ceb/fast"
/Library/Developer/CommandLineTools/usr/bin/make -f CMakeFiles/cmTC_02ceb.dir/build.make CMakeFiles/cmTC_02ceb.dir/build
Building C object CMakeFiles/cmTC_02ceb.dir/CheckIncludeFile.c.o
/Library/Developer/CommandLineTools/usr/bin/cc   -fPIC -Werror=date-time -Wall -W -Wno-unused-parameter -Wwrite-strings -Wmissing-field-initializers -pedantic -Wno-long-long -Wcovered-switch-default -Wdelete-non-virtual-dtor -Wstring-conversion -Wall -Wno-unused-parameter  -nodefaultlibs   -o CMakeFiles/cmTC_02ceb.dir/CheckIncludeFile.c.o   -c /Users/magickli/Documents/github/llvm/llvm-project/build/CMakeFiles/CMakeTmp/CheckIncludeFile.c
/Users/magickli/Documents/github/llvm/llvm-project/build/CMakeFiles/CMakeTmp/CheckIncludeFile.c:1:10: fatal error: 'tirpc/rpc/xdr.h' file not found
#include <tirpc/rpc/xdr.h>
         ^
1 error generated.
make[1]: *** [CMakeFiles/cmTC_02ceb.dir/CheckIncludeFile.c.o] Error 1
make: *** [cmTC_02ceb/fast] Error 2


